{"name":"hexo","hostname":"YUANCHENGSU-MC0","pid":37041,"level":20,"msg":"Hexo version: \u001b[35m3.2.2\u001b[39m","time":"2018-04-26T11:45:42.804Z","v":0}
{"name":"hexo","hostname":"YUANCHENGSU-MC0","pid":37041,"level":20,"msg":"Working directory: \u001b[35m~/Desktop/Blog/suyuancheng13.github.io/\u001b[39m","time":"2018-04-26T11:45:42.806Z","v":0}
{"name":"hexo","hostname":"YUANCHENGSU-MC0","pid":37041,"level":20,"msg":"Config loaded: \u001b[35m~/Desktop/Blog/suyuancheng13.github.io/_config.yml\u001b[39m","time":"2018-04-26T11:45:42.924Z","v":0}
{"name":"hexo","hostname":"YUANCHENGSU-MC0","pid":37041,"level":20,"msg":"Plugin loaded: \u001b[35mhexo-deployer-git\u001b[39m","time":"2018-04-26T11:45:42.939Z","v":0}
{"name":"hexo","hostname":"YUANCHENGSU-MC0","pid":37041,"level":20,"msg":"Plugin loaded: \u001b[35mhexo-generator-category\u001b[39m","time":"2018-04-26T11:45:42.942Z","v":0}
{"name":"hexo","hostname":"YUANCHENGSU-MC0","pid":37041,"level":20,"msg":"Plugin loaded: \u001b[35mhexo-generator-index\u001b[39m","time":"2018-04-26T11:45:42.944Z","v":0}
{"name":"hexo","hostname":"YUANCHENGSU-MC0","pid":37041,"level":20,"msg":"Plugin loaded: \u001b[35mhexo-generator-archive\u001b[39m","time":"2018-04-26T11:45:42.946Z","v":0}
{"name":"hexo","hostname":"YUANCHENGSU-MC0","pid":37041,"level":20,"msg":"Plugin loaded: \u001b[35mhexo-renderer-ejs\u001b[39m","time":"2018-04-26T11:45:42.949Z","v":0}
{"name":"hexo","hostname":"YUANCHENGSU-MC0","pid":37041,"level":20,"msg":"Plugin loaded: \u001b[35mhexo-generator-tag\u001b[39m","time":"2018-04-26T11:45:42.951Z","v":0}
{"name":"hexo","hostname":"YUANCHENGSU-MC0","pid":37041,"level":20,"msg":"Script loaded: \u001b[35mthemes/next/scripts/merge-configs.js\u001b[39m","time":"2018-04-26T11:45:42.954Z","v":0}
{"name":"hexo","hostname":"YUANCHENGSU-MC0","pid":37041,"level":20,"msg":"Script loaded: \u001b[35mthemes/next/scripts/merge.js\u001b[39m","time":"2018-04-26T11:45:42.957Z","v":0}
{"name":"hexo","hostname":"YUANCHENGSU-MC0","pid":37041,"level":20,"msg":"Plugin loaded: \u001b[35mhexo-renderer-marked\u001b[39m","time":"2018-04-26T11:45:42.961Z","v":0}
{"name":"hexo","hostname":"YUANCHENGSU-MC0","pid":37041,"level":20,"msg":"Script loaded: \u001b[35mthemes/next/scripts/tags/button.js\u001b[39m","time":"2018-04-26T11:45:42.962Z","v":0}
{"name":"hexo","hostname":"YUANCHENGSU-MC0","pid":37041,"level":20,"msg":"Script loaded: \u001b[35mthemes/next/scripts/tags/center-quote.js\u001b[39m","time":"2018-04-26T11:45:42.962Z","v":0}
{"name":"hexo","hostname":"YUANCHENGSU-MC0","pid":37041,"level":20,"msg":"Script loaded: \u001b[35mthemes/next/scripts/tags/exturl.js\u001b[39m","time":"2018-04-26T11:45:42.962Z","v":0}
{"name":"hexo","hostname":"YUANCHENGSU-MC0","pid":37041,"level":20,"msg":"Plugin loaded: \u001b[35mhexo-renderer-stylus\u001b[39m","time":"2018-04-26T11:45:42.963Z","v":0}
{"name":"hexo","hostname":"YUANCHENGSU-MC0","pid":37041,"level":20,"msg":"Script loaded: \u001b[35mthemes/next/scripts/tags/full-image.js\u001b[39m","time":"2018-04-26T11:45:42.964Z","v":0}
{"name":"hexo","hostname":"YUANCHENGSU-MC0","pid":37041,"level":20,"msg":"Script loaded: \u001b[35mthemes/next/scripts/tags/group-pictures.js\u001b[39m","time":"2018-04-26T11:45:42.964Z","v":0}
{"name":"hexo","hostname":"YUANCHENGSU-MC0","pid":37041,"level":20,"msg":"Script loaded: \u001b[35mthemes/next/scripts/tags/note.js\u001b[39m","time":"2018-04-26T11:45:42.965Z","v":0}
{"name":"hexo","hostname":"YUANCHENGSU-MC0","pid":37041,"level":20,"msg":"Plugin loaded: \u001b[35mhexo-server\u001b[39m","time":"2018-04-26T11:45:43.048Z","v":0}
{"name":"hexo","hostname":"YUANCHENGSU-MC0","pid":37041,"level":20,"msg":"Loading database.","time":"2018-04-26T11:45:43.050Z","v":0}
{"name":"hexo","hostname":"YUANCHENGSU-MC0","pid":37041,"level":30,"msg":"Start processing","time":"2018-04-26T11:45:43.138Z","v":0}
{"name":"hexo","hostname":"YUANCHENGSU-MC0","pid":37041,"level":20,"msg":"Processed: \u001b[35m_posts/Lua与C-C-C-交互.md\u001b[39m","time":"2018-04-26T11:45:43.208Z","v":0}
{"name":"hexo","hostname":"YUANCHENGSU-MC0","pid":37041,"level":20,"msg":"Processed: \u001b[35m_posts/Blocks-in-iOS.md\u001b[39m","time":"2018-04-26T11:45:43.208Z","v":0}
{"name":"hexo","hostname":"YUANCHENGSU-MC0","pid":37041,"level":20,"msg":"Processed: \u001b[35m_posts/C-C-Dev.md\u001b[39m","time":"2018-04-26T11:45:43.208Z","v":0}
{"name":"hexo","hostname":"YUANCHENGSU-MC0","pid":37041,"level":20,"msg":"Processed: \u001b[35m_posts/Lua学习笔记.md\u001b[39m","time":"2018-04-26T11:45:43.208Z","v":0}
{"name":"hexo","hostname":"YUANCHENGSU-MC0","pid":37041,"level":20,"msg":"Processed: \u001b[35m_posts/git-使用手册.md\u001b[39m","time":"2018-04-26T11:45:43.208Z","v":0}
{"name":"hexo","hostname":"YUANCHENGSU-MC0","pid":37041,"level":20,"msg":"Processed: \u001b[35m_posts/hello-world.md\u001b[39m","time":"2018-04-26T11:45:43.208Z","v":0}
{"name":"hexo","hostname":"YUANCHENGSU-MC0","pid":37041,"level":20,"msg":"Processed: \u001b[35m_posts/hexo使用手册.md\u001b[39m","time":"2018-04-26T11:45:43.208Z","v":0}
{"name":"hexo","hostname":"YUANCHENGSU-MC0","pid":37041,"level":20,"msg":"Processed: \u001b[35m_posts/SWIFT编程.md\u001b[39m","time":"2018-04-26T11:45:43.208Z","v":0}
{"name":"hexo","hostname":"YUANCHENGSU-MC0","pid":37041,"level":20,"msg":"Processed: \u001b[35m_posts/Python-Dev.md\u001b[39m","time":"2018-04-26T11:45:43.210Z","v":0}
{"name":"hexo","hostname":"YUANCHENGSU-MC0","pid":37041,"level":20,"msg":"Processed: \u001b[35m_posts/学习资源大全.md\u001b[39m","time":"2018-04-26T11:45:43.210Z","v":0}
{"name":"hexo","hostname":"YUANCHENGSU-MC0","pid":37041,"level":20,"msg":"Processed: \u001b[35m_posts/Unity-学习笔记.md\u001b[39m","time":"2018-04-26T11:45:43.211Z","v":0}
{"name":"hexo","hostname":"YUANCHENGSU-MC0","pid":37041,"level":20,"msg":"Processed: \u001b[35m_posts/iOS-Dev.md\u001b[39m","time":"2018-04-26T11:45:43.211Z","v":0}
{"name":"hexo","hostname":"YUANCHENGSU-MC0","pid":37041,"level":20,"msg":"Processed: \u001b[35mabout/index.md\u001b[39m","time":"2018-04-26T11:45:43.211Z","v":0}
{"name":"hexo","hostname":"YUANCHENGSU-MC0","pid":37041,"level":20,"msg":"Processed: \u001b[35m_posts/设计模式.md\u001b[39m","time":"2018-04-26T11:45:43.212Z","v":0}
{"name":"hexo","hostname":"YUANCHENGSU-MC0","pid":37041,"level":20,"msg":"Processed: \u001b[35mtags/index.md\u001b[39m","time":"2018-04-26T11:45:43.226Z","v":0}
{"name":"hexo","hostname":"YUANCHENGSU-MC0","pid":37041,"level":20,"msg":"Processed: \u001b[35mcategories/index.md\u001b[39m","time":"2018-04-26T11:45:43.227Z","v":0}
{"name":"hexo","hostname":"YUANCHENGSU-MC0","pid":37041,"level":20,"msg":"Theme config loaded.","time":"2018-04-26T11:45:43.262Z","v":0}
{"name":"hexo","hostname":"YUANCHENGSU-MC0","pid":37041,"level":20,"msg":"Processed: \u001b[35m_config.yml\u001b[39m","time":"2018-04-26T11:45:43.267Z","v":0}
{"name":"hexo","hostname":"YUANCHENGSU-MC0","pid":37041,"level":20,"msg":"Processed: \u001b[35msource/css/main.styl\u001b[39m","time":"2018-04-26T11:45:43.268Z","v":0}
{"name":"hexo","hostname":"YUANCHENGSU-MC0","pid":37041,"level":20,"msg":"Processed: \u001b[35msource/images/avatar.gif\u001b[39m","time":"2018-04-26T11:45:43.268Z","v":0}
{"name":"hexo","hostname":"YUANCHENGSU-MC0","pid":37041,"level":20,"msg":"Processed: \u001b[35msource/images/algolia_logo.svg\u001b[39m","time":"2018-04-26T11:45:43.269Z","v":0}
{"name":"hexo","hostname":"YUANCHENGSU-MC0","pid":37041,"level":20,"msg":"Processed: \u001b[35msource/images/cc-by-nc-nd.svg\u001b[39m","time":"2018-04-26T11:45:43.269Z","v":0}
{"name":"hexo","hostname":"YUANCHENGSU-MC0","pid":37041,"level":20,"msg":"Processed: \u001b[35msource/images/cc-by-nc-sa.svg\u001b[39m","time":"2018-04-26T11:45:43.270Z","v":0}
{"name":"hexo","hostname":"YUANCHENGSU-MC0","pid":37041,"level":20,"msg":"Processed: \u001b[35msource/images/cc-by-nc.svg\u001b[39m","time":"2018-04-26T11:45:43.271Z","v":0}
{"name":"hexo","hostname":"YUANCHENGSU-MC0","pid":37041,"level":20,"msg":"Processed: \u001b[35msource/images/cc-by-nd.svg\u001b[39m","time":"2018-04-26T11:45:43.271Z","v":0}
{"name":"hexo","hostname":"YUANCHENGSU-MC0","pid":37041,"level":20,"msg":"Processed: \u001b[35msource/images/cc-by-sa.svg\u001b[39m","time":"2018-04-26T11:45:43.272Z","v":0}
{"name":"hexo","hostname":"YUANCHENGSU-MC0","pid":37041,"level":20,"msg":"Processed: \u001b[35msource/images/cc-by.svg\u001b[39m","time":"2018-04-26T11:45:43.272Z","v":0}
{"name":"hexo","hostname":"YUANCHENGSU-MC0","pid":37041,"level":20,"msg":"Processed: \u001b[35msource/images/cc-zero.svg\u001b[39m","time":"2018-04-26T11:45:43.272Z","v":0}
{"name":"hexo","hostname":"YUANCHENGSU-MC0","pid":37041,"level":20,"msg":"Processed: \u001b[35msource/images/loading.gif\u001b[39m","time":"2018-04-26T11:45:43.273Z","v":0}
{"name":"hexo","hostname":"YUANCHENGSU-MC0","pid":37041,"level":20,"msg":"Processed: \u001b[35msource/images/placeholder.gif\u001b[39m","time":"2018-04-26T11:45:43.274Z","v":0}
{"name":"hexo","hostname":"YUANCHENGSU-MC0","pid":37041,"level":20,"msg":"Processed: \u001b[35msource/images/quote-r.svg\u001b[39m","time":"2018-04-26T11:45:43.274Z","v":0}
{"name":"hexo","hostname":"YUANCHENGSU-MC0","pid":37041,"level":20,"msg":"Processed: \u001b[35msource/images/quote-l.svg\u001b[39m","time":"2018-04-26T11:45:43.275Z","v":0}
{"name":"hexo","hostname":"YUANCHENGSU-MC0","pid":37041,"level":20,"msg":"Processed: \u001b[35msource/images/searchicon.png\u001b[39m","time":"2018-04-26T11:45:43.275Z","v":0}
{"name":"hexo","hostname":"YUANCHENGSU-MC0","pid":37041,"level":20,"msg":"Processed: \u001b[35msource/uploads/wechatpay.png\u001b[39m","time":"2018-04-26T11:45:43.275Z","v":0}
{"name":"hexo","hostname":"YUANCHENGSU-MC0","pid":37041,"level":20,"msg":"Processed: \u001b[35mlayout/.DS_Store\u001b[39m","time":"2018-04-26T11:45:43.470Z","v":0}
{"name":"hexo","hostname":"YUANCHENGSU-MC0","pid":37041,"level":20,"msg":"Processed: \u001b[35mlayout/_layout.swig\u001b[39m","time":"2018-04-26T11:45:43.470Z","v":0}
{"name":"hexo","hostname":"YUANCHENGSU-MC0","pid":37041,"level":20,"msg":"Processed: \u001b[35mlayout/archive.swig\u001b[39m","time":"2018-04-26T11:45:43.470Z","v":0}
{"name":"hexo","hostname":"YUANCHENGSU-MC0","pid":37041,"level":20,"msg":"Processed: \u001b[35mlayout/category.swig\u001b[39m","time":"2018-04-26T11:45:43.470Z","v":0}
{"name":"hexo","hostname":"YUANCHENGSU-MC0","pid":37041,"level":20,"msg":"Processed: \u001b[35mlayout/page.swig\u001b[39m","time":"2018-04-26T11:45:43.470Z","v":0}
{"name":"hexo","hostname":"YUANCHENGSU-MC0","pid":37041,"level":20,"msg":"Processed: \u001b[35mlayout/index.swig\u001b[39m","time":"2018-04-26T11:45:43.470Z","v":0}
{"name":"hexo","hostname":"YUANCHENGSU-MC0","pid":37041,"level":20,"msg":"Processed: \u001b[35mlayout/post.swig\u001b[39m","time":"2018-04-26T11:45:43.470Z","v":0}
{"name":"hexo","hostname":"YUANCHENGSU-MC0","pid":37041,"level":20,"msg":"Processed: \u001b[35mlayout/schedule.swig\u001b[39m","time":"2018-04-26T11:45:43.470Z","v":0}
{"name":"hexo","hostname":"YUANCHENGSU-MC0","pid":37041,"level":20,"msg":"Processed: \u001b[35mlayout/tag.swig\u001b[39m","time":"2018-04-26T11:45:43.470Z","v":0}
{"name":"hexo","hostname":"YUANCHENGSU-MC0","pid":37041,"level":20,"msg":"Processed: \u001b[35mlanguages/default.yml\u001b[39m","time":"2018-04-26T11:45:43.487Z","v":0}
{"name":"hexo","hostname":"YUANCHENGSU-MC0","pid":37041,"level":20,"msg":"Processed: \u001b[35mlanguages/de.yml\u001b[39m","time":"2018-04-26T11:45:43.487Z","v":0}
{"name":"hexo","hostname":"YUANCHENGSU-MC0","pid":37041,"level":20,"msg":"Processed: \u001b[35mlanguages/en.yml\u001b[39m","time":"2018-04-26T11:45:43.487Z","v":0}
{"name":"hexo","hostname":"YUANCHENGSU-MC0","pid":37041,"level":20,"msg":"Processed: \u001b[35mlanguages/fr-FR.yml\u001b[39m","time":"2018-04-26T11:45:43.487Z","v":0}
{"name":"hexo","hostname":"YUANCHENGSU-MC0","pid":37041,"level":20,"msg":"Processed: \u001b[35mlanguages/id.yml\u001b[39m","time":"2018-04-26T11:45:43.487Z","v":0}
{"name":"hexo","hostname":"YUANCHENGSU-MC0","pid":37041,"level":20,"msg":"Processed: \u001b[35mlanguages/ja.yml\u001b[39m","time":"2018-04-26T11:45:43.487Z","v":0}
{"name":"hexo","hostname":"YUANCHENGSU-MC0","pid":37041,"level":20,"msg":"Processed: \u001b[35mlanguages/ko.yml\u001b[39m","time":"2018-04-26T11:45:43.487Z","v":0}
{"name":"hexo","hostname":"YUANCHENGSU-MC0","pid":37041,"level":20,"msg":"Processed: \u001b[35mlanguages/pt.yml\u001b[39m","time":"2018-04-26T11:45:43.487Z","v":0}
{"name":"hexo","hostname":"YUANCHENGSU-MC0","pid":37041,"level":20,"msg":"Processed: \u001b[35mlanguages/pt-BR.yml\u001b[39m","time":"2018-04-26T11:45:43.488Z","v":0}
{"name":"hexo","hostname":"YUANCHENGSU-MC0","pid":37041,"level":20,"msg":"Processed: \u001b[35mlanguages/zh-Hans.yml\u001b[39m","time":"2018-04-26T11:45:43.488Z","v":0}
{"name":"hexo","hostname":"YUANCHENGSU-MC0","pid":37041,"level":20,"msg":"Processed: \u001b[35mlanguages/ru.yml\u001b[39m","time":"2018-04-26T11:45:43.489Z","v":0}
{"name":"hexo","hostname":"YUANCHENGSU-MC0","pid":37041,"level":20,"msg":"Processed: \u001b[35mlanguages/zh-hk.yml\u001b[39m","time":"2018-04-26T11:45:43.489Z","v":0}
{"name":"hexo","hostname":"YUANCHENGSU-MC0","pid":37041,"level":20,"msg":"Processed: \u001b[35mlanguages/zh-tw.yml\u001b[39m","time":"2018-04-26T11:45:43.489Z","v":0}
{"name":"hexo","hostname":"YUANCHENGSU-MC0","pid":37041,"level":20,"msg":"Processed: \u001b[35msource/js/src/affix.js\u001b[39m","time":"2018-04-26T11:45:43.490Z","v":0}
{"name":"hexo","hostname":"YUANCHENGSU-MC0","pid":37041,"level":20,"msg":"Processed: \u001b[35msource/js/src/algolia-search.js\u001b[39m","time":"2018-04-26T11:45:43.490Z","v":0}
{"name":"hexo","hostname":"YUANCHENGSU-MC0","pid":37041,"level":20,"msg":"Processed: \u001b[35msource/js/src/bootstrap.js\u001b[39m","time":"2018-04-26T11:45:43.490Z","v":0}
{"name":"hexo","hostname":"YUANCHENGSU-MC0","pid":37041,"level":20,"msg":"Processed: \u001b[35msource/js/src/exturl.js\u001b[39m","time":"2018-04-26T11:45:43.490Z","v":0}
{"name":"hexo","hostname":"YUANCHENGSU-MC0","pid":37041,"level":20,"msg":"Processed: \u001b[35msource/js/src/post-details.js\u001b[39m","time":"2018-04-26T11:45:43.490Z","v":0}
{"name":"hexo","hostname":"YUANCHENGSU-MC0","pid":37041,"level":20,"msg":"Processed: \u001b[35msource/js/src/motion.js\u001b[39m","time":"2018-04-26T11:45:43.491Z","v":0}
{"name":"hexo","hostname":"YUANCHENGSU-MC0","pid":37041,"level":20,"msg":"Processed: \u001b[35msource/js/src/hook-duoshuo.js\u001b[39m","time":"2018-04-26T11:45:43.491Z","v":0}
{"name":"hexo","hostname":"YUANCHENGSU-MC0","pid":37041,"level":20,"msg":"Processed: \u001b[35msource/js/src/scrollspy.js\u001b[39m","time":"2018-04-26T11:45:43.491Z","v":0}
{"name":"hexo","hostname":"YUANCHENGSU-MC0","pid":37041,"level":20,"msg":"Processed: \u001b[35msource/js/src/utils.js\u001b[39m","time":"2018-04-26T11:45:43.493Z","v":0}
{"name":"hexo","hostname":"YUANCHENGSU-MC0","pid":37041,"level":20,"msg":"Processed: \u001b[35msource/lib/algolia-instant-search/instantsearch.min.css\u001b[39m","time":"2018-04-26T11:45:43.494Z","v":0}
{"name":"hexo","hostname":"YUANCHENGSU-MC0","pid":37041,"level":20,"msg":"Processed: \u001b[35msource/lib/canvas-nest/canvas-nest.min.js\u001b[39m","time":"2018-04-26T11:45:43.494Z","v":0}
{"name":"hexo","hostname":"YUANCHENGSU-MC0","pid":37041,"level":20,"msg":"Processed: \u001b[35msource/lib/fastclick/LICENSE\u001b[39m","time":"2018-04-26T11:45:43.494Z","v":0}
{"name":"hexo","hostname":"YUANCHENGSU-MC0","pid":37041,"level":20,"msg":"Processed: \u001b[35msource/lib/fastclick/README.md\u001b[39m","time":"2018-04-26T11:45:43.494Z","v":0}
{"name":"hexo","hostname":"YUANCHENGSU-MC0","pid":37041,"level":20,"msg":"Processed: \u001b[35msource/lib/fastclick/bower.json\u001b[39m","time":"2018-04-26T11:45:43.495Z","v":0}
{"name":"hexo","hostname":"YUANCHENGSU-MC0","pid":37041,"level":20,"msg":"Processed: \u001b[35msource/lib/font-awesome/HELP-US-OUT.txt\u001b[39m","time":"2018-04-26T11:45:43.495Z","v":0}
{"name":"hexo","hostname":"YUANCHENGSU-MC0","pid":37041,"level":20,"msg":"Processed: \u001b[35msource/lib/font-awesome/bower.json\u001b[39m","time":"2018-04-26T11:45:43.495Z","v":0}
{"name":"hexo","hostname":"YUANCHENGSU-MC0","pid":37041,"level":20,"msg":"Processed: \u001b[35msource/lib/jquery_lazyload/CONTRIBUTING.md\u001b[39m","time":"2018-04-26T11:45:43.495Z","v":0}
{"name":"hexo","hostname":"YUANCHENGSU-MC0","pid":37041,"level":20,"msg":"Processed: \u001b[35msource/lib/jquery_lazyload/README.md\u001b[39m","time":"2018-04-26T11:45:43.495Z","v":0}
{"name":"hexo","hostname":"YUANCHENGSU-MC0","pid":37041,"level":20,"msg":"Processed: \u001b[35msource/lib/jquery_lazyload/bower.json\u001b[39m","time":"2018-04-26T11:45:43.496Z","v":0}
{"name":"hexo","hostname":"YUANCHENGSU-MC0","pid":37041,"level":20,"msg":"Processed: \u001b[35msource/lib/jquery_lazyload/jquery.scrollstop.js\u001b[39m","time":"2018-04-26T11:45:43.496Z","v":0}
{"name":"hexo","hostname":"YUANCHENGSU-MC0","pid":37041,"level":20,"msg":"Processed: \u001b[35msource/lib/jquery_lazyload/jquery.lazyload.js\u001b[39m","time":"2018-04-26T11:45:43.496Z","v":0}
{"name":"hexo","hostname":"YUANCHENGSU-MC0","pid":37041,"level":20,"msg":"Processed: \u001b[35msource/lib/velocity/bower.json\u001b[39m","time":"2018-04-26T11:45:43.496Z","v":0}
{"name":"hexo","hostname":"YUANCHENGSU-MC0","pid":37041,"level":20,"msg":"Processed: \u001b[35msource/lib/velocity/velocity.min.js\u001b[39m","time":"2018-04-26T11:45:43.496Z","v":0}
{"name":"hexo","hostname":"YUANCHENGSU-MC0","pid":37041,"level":20,"msg":"Processed: \u001b[35msource/lib/velocity/velocity.ui.js\u001b[39m","time":"2018-04-26T11:45:43.497Z","v":0}
{"name":"hexo","hostname":"YUANCHENGSU-MC0","pid":37041,"level":20,"msg":"Processed: \u001b[35msource/lib/velocity/velocity.ui.min.js\u001b[39m","time":"2018-04-26T11:45:43.497Z","v":0}
{"name":"hexo","hostname":"YUANCHENGSU-MC0","pid":37041,"level":20,"msg":"Processed: \u001b[35msource/lib/jquery/index.js\u001b[39m","time":"2018-04-26T11:45:43.505Z","v":0}
{"name":"hexo","hostname":"YUANCHENGSU-MC0","pid":37041,"level":20,"msg":"Processed: \u001b[35msource/js/src/schemes/pisces.js\u001b[39m","time":"2018-04-26T11:45:43.518Z","v":0}
{"name":"hexo","hostname":"YUANCHENGSU-MC0","pid":37041,"level":20,"msg":"Processed: \u001b[35msource/lib/fancybox/source/blank.gif\u001b[39m","time":"2018-04-26T11:45:43.518Z","v":0}
{"name":"hexo","hostname":"YUANCHENGSU-MC0","pid":37041,"level":20,"msg":"Processed: \u001b[35msource/lib/fancybox/source/fancybox_loading.gif\u001b[39m","time":"2018-04-26T11:45:43.518Z","v":0}
{"name":"hexo","hostname":"YUANCHENGSU-MC0","pid":37041,"level":20,"msg":"Processed: \u001b[35msource/lib/fancybox/source/fancybox_overlay.png\u001b[39m","time":"2018-04-26T11:45:43.518Z","v":0}
{"name":"hexo","hostname":"YUANCHENGSU-MC0","pid":37041,"level":20,"msg":"Processed: \u001b[35msource/lib/fancybox/source/fancybox_loading@2x.gif\u001b[39m","time":"2018-04-26T11:45:43.518Z","v":0}
{"name":"hexo","hostname":"YUANCHENGSU-MC0","pid":37041,"level":20,"msg":"Processed: \u001b[35msource/lib/fancybox/source/fancybox_sprite.png\u001b[39m","time":"2018-04-26T11:45:43.518Z","v":0}
{"name":"hexo","hostname":"YUANCHENGSU-MC0","pid":37041,"level":20,"msg":"Processed: \u001b[35msource/lib/fancybox/source/fancybox_sprite@2x.png\u001b[39m","time":"2018-04-26T11:45:43.519Z","v":0}
{"name":"hexo","hostname":"YUANCHENGSU-MC0","pid":37041,"level":20,"msg":"Processed: \u001b[35msource/lib/fancybox/source/jquery.fancybox.css\u001b[39m","time":"2018-04-26T11:45:43.519Z","v":0}
{"name":"hexo","hostname":"YUANCHENGSU-MC0","pid":37041,"level":20,"msg":"Processed: \u001b[35msource/lib/fancybox/source/jquery.fancybox.pack.js\u001b[39m","time":"2018-04-26T11:45:43.519Z","v":0}
{"name":"hexo","hostname":"YUANCHENGSU-MC0","pid":37041,"level":20,"msg":"Processed: \u001b[35msource/lib/fancybox/source/jquery.fancybox.js\u001b[39m","time":"2018-04-26T11:45:43.519Z","v":0}
{"name":"hexo","hostname":"YUANCHENGSU-MC0","pid":37041,"level":20,"msg":"Processed: \u001b[35msource/lib/fastclick/lib/fastclick.js\u001b[39m","time":"2018-04-26T11:45:43.519Z","v":0}
{"name":"hexo","hostname":"YUANCHENGSU-MC0","pid":37041,"level":20,"msg":"Processed: \u001b[35msource/lib/fastclick/lib/fastclick.min.js\u001b[39m","time":"2018-04-26T11:45:43.519Z","v":0}
{"name":"hexo","hostname":"YUANCHENGSU-MC0","pid":37041,"level":20,"msg":"Processed: \u001b[35msource/lib/font-awesome/css/font-awesome.css\u001b[39m","time":"2018-04-26T11:45:43.519Z","v":0}
{"name":"hexo","hostname":"YUANCHENGSU-MC0","pid":37041,"level":20,"msg":"Processed: \u001b[35msource/lib/font-awesome/css/font-awesome.css.map\u001b[39m","time":"2018-04-26T11:45:43.519Z","v":0}
{"name":"hexo","hostname":"YUANCHENGSU-MC0","pid":37041,"level":20,"msg":"Processed: \u001b[35msource/lib/font-awesome/css/font-awesome.min.css\u001b[39m","time":"2018-04-26T11:45:43.519Z","v":0}
{"name":"hexo","hostname":"YUANCHENGSU-MC0","pid":37041,"level":20,"msg":"Processed: \u001b[35mlayout/_custom/header.swig\u001b[39m","time":"2018-04-26T11:45:43.555Z","v":0}
{"name":"hexo","hostname":"YUANCHENGSU-MC0","pid":37041,"level":20,"msg":"Processed: \u001b[35mlayout/_custom/sidebar.swig\u001b[39m","time":"2018-04-26T11:45:43.555Z","v":0}
{"name":"hexo","hostname":"YUANCHENGSU-MC0","pid":37041,"level":20,"msg":"Processed: \u001b[35mlayout/_macro/post-collapse.swig\u001b[39m","time":"2018-04-26T11:45:43.555Z","v":0}
{"name":"hexo","hostname":"YUANCHENGSU-MC0","pid":37041,"level":20,"msg":"Processed: \u001b[35mlayout/_macro/post.swig\u001b[39m","time":"2018-04-26T11:45:43.555Z","v":0}
{"name":"hexo","hostname":"YUANCHENGSU-MC0","pid":37041,"level":20,"msg":"Processed: \u001b[35mlayout/_macro/reward.swig\u001b[39m","time":"2018-04-26T11:45:43.555Z","v":0}
{"name":"hexo","hostname":"YUANCHENGSU-MC0","pid":37041,"level":20,"msg":"Processed: \u001b[35mlayout/_macro/sidebar.swig\u001b[39m","time":"2018-04-26T11:45:43.555Z","v":0}
{"name":"hexo","hostname":"YUANCHENGSU-MC0","pid":37041,"level":20,"msg":"Processed: \u001b[35mlayout/_partials/comments.swig\u001b[39m","time":"2018-04-26T11:45:43.555Z","v":0}
{"name":"hexo","hostname":"YUANCHENGSU-MC0","pid":37041,"level":20,"msg":"Processed: \u001b[35mlayout/_macro/wechat-subscriber.swig\u001b[39m","time":"2018-04-26T11:45:43.555Z","v":0}
{"name":"hexo","hostname":"YUANCHENGSU-MC0","pid":37041,"level":20,"msg":"Processed: \u001b[35mlayout/_partials/duoshuo-hot-articles.swig\u001b[39m","time":"2018-04-26T11:45:43.555Z","v":0}
{"name":"hexo","hostname":"YUANCHENGSU-MC0","pid":37041,"level":20,"msg":"Processed: \u001b[35mlayout/_partials/footer.swig\u001b[39m","time":"2018-04-26T11:45:43.555Z","v":0}
{"name":"hexo","hostname":"YUANCHENGSU-MC0","pid":37041,"level":20,"msg":"Processed: \u001b[35mlayout/_partials/header.swig\u001b[39m","time":"2018-04-26T11:45:43.556Z","v":0}
{"name":"hexo","hostname":"YUANCHENGSU-MC0","pid":37041,"level":20,"msg":"Processed: \u001b[35mlayout/_partials/head.swig\u001b[39m","time":"2018-04-26T11:45:43.556Z","v":0}
{"name":"hexo","hostname":"YUANCHENGSU-MC0","pid":37041,"level":20,"msg":"Processed: \u001b[35mlayout/_partials/page-header.swig\u001b[39m","time":"2018-04-26T11:45:43.556Z","v":0}
{"name":"hexo","hostname":"YUANCHENGSU-MC0","pid":37041,"level":20,"msg":"Processed: \u001b[35mlayout/_partials/pagination.swig\u001b[39m","time":"2018-04-26T11:45:43.556Z","v":0}
{"name":"hexo","hostname":"YUANCHENGSU-MC0","pid":37041,"level":20,"msg":"Processed: \u001b[35mlayout/_partials/search.swig\u001b[39m","time":"2018-04-26T11:45:43.556Z","v":0}
{"name":"hexo","hostname":"YUANCHENGSU-MC0","pid":37041,"level":20,"msg":"Processed: \u001b[35mlayout/_scripts/boostrap.swig\u001b[39m","time":"2018-04-26T11:45:43.556Z","v":0}
{"name":"hexo","hostname":"YUANCHENGSU-MC0","pid":37041,"level":20,"msg":"Processed: \u001b[35mlayout/_scripts/baidu-push.swig\u001b[39m","time":"2018-04-26T11:45:43.556Z","v":0}
{"name":"hexo","hostname":"YUANCHENGSU-MC0","pid":37041,"level":20,"msg":"Processed: \u001b[35mlayout/_scripts/commons.swig\u001b[39m","time":"2018-04-26T11:45:43.556Z","v":0}
{"name":"hexo","hostname":"YUANCHENGSU-MC0","pid":37041,"level":20,"msg":"Processed: \u001b[35mlayout/_scripts/vendors.swig\u001b[39m","time":"2018-04-26T11:45:43.556Z","v":0}
{"name":"hexo","hostname":"YUANCHENGSU-MC0","pid":37041,"level":20,"msg":"Processed: \u001b[35msource/lib/ua-parser-js/dist/ua-parser.min.js\u001b[39m","time":"2018-04-26T11:45:43.557Z","v":0}
{"name":"hexo","hostname":"YUANCHENGSU-MC0","pid":37041,"level":20,"msg":"Processed: \u001b[35msource/lib/ua-parser-js/dist/ua-parser.pack.js\u001b[39m","time":"2018-04-26T11:45:43.557Z","v":0}
{"name":"hexo","hostname":"YUANCHENGSU-MC0","pid":37041,"level":20,"msg":"Processed: \u001b[35mlayout/_scripts/schemes/mist.swig\u001b[39m","time":"2018-04-26T11:45:43.561Z","v":0}
{"name":"hexo","hostname":"YUANCHENGSU-MC0","pid":37041,"level":20,"msg":"Processed: \u001b[35mlayout/_scripts/schemes/muse.swig\u001b[39m","time":"2018-04-26T11:45:43.561Z","v":0}
{"name":"hexo","hostname":"YUANCHENGSU-MC0","pid":37041,"level":20,"msg":"Processed: \u001b[35msource/lib/font-awesome/fonts/FontAwesome.otf\u001b[39m","time":"2018-04-26T11:45:43.563Z","v":0}
{"name":"hexo","hostname":"YUANCHENGSU-MC0","pid":37041,"level":20,"msg":"Processed: \u001b[35msource/lib/font-awesome/fonts/fontawesome-webfont.eot\u001b[39m","time":"2018-04-26T11:45:43.563Z","v":0}
{"name":"hexo","hostname":"YUANCHENGSU-MC0","pid":37041,"level":20,"msg":"Processed: \u001b[35msource/lib/velocity/velocity.js\u001b[39m","time":"2018-04-26T11:45:43.564Z","v":0}
{"name":"hexo","hostname":"YUANCHENGSU-MC0","pid":37041,"level":20,"msg":"Processed: \u001b[35msource/lib/font-awesome/fonts/fontawesome-webfont.woff\u001b[39m","time":"2018-04-26T11:45:43.564Z","v":0}
{"name":"hexo","hostname":"YUANCHENGSU-MC0","pid":37041,"level":20,"msg":"Processed: \u001b[35msource/lib/font-awesome/fonts/fontawesome-webfont.woff2\u001b[39m","time":"2018-04-26T11:45:43.565Z","v":0}
{"name":"hexo","hostname":"YUANCHENGSU-MC0","pid":37041,"level":20,"msg":"Processed: \u001b[35msource/lib/fancybox/source/helpers/fancybox_buttons.png\u001b[39m","time":"2018-04-26T11:45:43.565Z","v":0}
{"name":"hexo","hostname":"YUANCHENGSU-MC0","pid":37041,"level":20,"msg":"Processed: \u001b[35msource/lib/fancybox/source/helpers/jquery.fancybox-buttons.css\u001b[39m","time":"2018-04-26T11:45:43.565Z","v":0}
{"name":"hexo","hostname":"YUANCHENGSU-MC0","pid":37041,"level":20,"msg":"Processed: \u001b[35msource/lib/fancybox/source/helpers/jquery.fancybox-buttons.js\u001b[39m","time":"2018-04-26T11:45:43.566Z","v":0}
{"name":"hexo","hostname":"YUANCHENGSU-MC0","pid":37041,"level":20,"msg":"Processed: \u001b[35msource/lib/fancybox/source/helpers/jquery.fancybox-media.js\u001b[39m","time":"2018-04-26T11:45:43.566Z","v":0}
{"name":"hexo","hostname":"YUANCHENGSU-MC0","pid":37041,"level":20,"msg":"Processed: \u001b[35msource/lib/fancybox/source/helpers/jquery.fancybox-thumbs.css\u001b[39m","time":"2018-04-26T11:45:43.567Z","v":0}
{"name":"hexo","hostname":"YUANCHENGSU-MC0","pid":37041,"level":20,"msg":"Processed: \u001b[35msource/lib/fancybox/source/helpers/jquery.fancybox-thumbs.js\u001b[39m","time":"2018-04-26T11:45:43.567Z","v":0}
{"name":"hexo","hostname":"YUANCHENGSU-MC0","pid":37041,"level":20,"msg":"Processed: \u001b[35mlayout/_components/algolia-search/assets.swig\u001b[39m","time":"2018-04-26T11:45:43.579Z","v":0}
{"name":"hexo","hostname":"YUANCHENGSU-MC0","pid":37041,"level":20,"msg":"Processed: \u001b[35mlayout/_components/algolia-search/dom.swig\u001b[39m","time":"2018-04-26T11:45:43.580Z","v":0}
{"name":"hexo","hostname":"YUANCHENGSU-MC0","pid":37041,"level":20,"msg":"Processed: \u001b[35mlayout/_partials/head/custom-head.swig\u001b[39m","time":"2018-04-26T11:45:43.580Z","v":0}
{"name":"hexo","hostname":"YUANCHENGSU-MC0","pid":37041,"level":20,"msg":"Processed: \u001b[35mlayout/_partials/search/localsearch.swig\u001b[39m","time":"2018-04-26T11:45:43.580Z","v":0}
{"name":"hexo","hostname":"YUANCHENGSU-MC0","pid":37041,"level":20,"msg":"Processed: \u001b[35mlayout/_partials/head/external-fonts.swig\u001b[39m","time":"2018-04-26T11:45:43.580Z","v":0}
{"name":"hexo","hostname":"YUANCHENGSU-MC0","pid":37041,"level":20,"msg":"Processed: \u001b[35mlayout/_partials/search/tinysou.swig\u001b[39m","time":"2018-04-26T11:45:43.580Z","v":0}
{"name":"hexo","hostname":"YUANCHENGSU-MC0","pid":37041,"level":20,"msg":"Processed: \u001b[35mlayout/_partials/search/swiftype.swig\u001b[39m","time":"2018-04-26T11:45:43.580Z","v":0}
{"name":"hexo","hostname":"YUANCHENGSU-MC0","pid":37041,"level":20,"msg":"Processed: \u001b[35mlayout/_partials/share/add-this.swig\u001b[39m","time":"2018-04-26T11:45:43.580Z","v":0}
{"name":"hexo","hostname":"YUANCHENGSU-MC0","pid":37041,"level":20,"msg":"Processed: \u001b[35mlayout/_partials/share/baidushare.swig\u001b[39m","time":"2018-04-26T11:45:43.580Z","v":0}
{"name":"hexo","hostname":"YUANCHENGSU-MC0","pid":37041,"level":20,"msg":"Processed: \u001b[35mlayout/_partials/share/duoshuo_share.swig\u001b[39m","time":"2018-04-26T11:45:43.580Z","v":0}
{"name":"hexo","hostname":"YUANCHENGSU-MC0","pid":37041,"level":20,"msg":"Processed: \u001b[35mlayout/_partials/share/jiathis.swig\u001b[39m","time":"2018-04-26T11:45:43.580Z","v":0}
{"name":"hexo","hostname":"YUANCHENGSU-MC0","pid":37041,"level":20,"msg":"Processed: \u001b[35mlayout/_scripts/pages/post-details.swig\u001b[39m","time":"2018-04-26T11:45:43.580Z","v":0}
{"name":"hexo","hostname":"YUANCHENGSU-MC0","pid":37041,"level":20,"msg":"Processed: \u001b[35mlayout/_scripts/schemes/pisces.swig\u001b[39m","time":"2018-04-26T11:45:43.580Z","v":0}
{"name":"hexo","hostname":"YUANCHENGSU-MC0","pid":37041,"level":20,"msg":"Processed: \u001b[35mlayout/_scripts/third-party/analytics.swig\u001b[39m","time":"2018-04-26T11:45:43.580Z","v":0}
{"name":"hexo","hostname":"YUANCHENGSU-MC0","pid":37041,"level":20,"msg":"Processed: \u001b[35mlayout/_scripts/third-party/comments.swig\u001b[39m","time":"2018-04-26T11:45:43.580Z","v":0}
{"name":"hexo","hostname":"YUANCHENGSU-MC0","pid":37041,"level":20,"msg":"Processed: \u001b[35mlayout/_scripts/third-party/lean-analytics.swig\u001b[39m","time":"2018-04-26T11:45:43.580Z","v":0}
{"name":"hexo","hostname":"YUANCHENGSU-MC0","pid":37041,"level":20,"msg":"Processed: \u001b[35mlayout/_scripts/third-party/localsearch.swig\u001b[39m","time":"2018-04-26T11:45:43.580Z","v":0}
{"name":"hexo","hostname":"YUANCHENGSU-MC0","pid":37041,"level":20,"msg":"Processed: \u001b[35mlayout/_scripts/third-party/mathjax.swig\u001b[39m","time":"2018-04-26T11:45:43.580Z","v":0}
{"name":"hexo","hostname":"YUANCHENGSU-MC0","pid":37041,"level":20,"msg":"Processed: \u001b[35mlayout/_scripts/third-party/schedule.swig\u001b[39m","time":"2018-04-26T11:45:43.580Z","v":0}
{"name":"hexo","hostname":"YUANCHENGSU-MC0","pid":37041,"level":20,"msg":"Processed: \u001b[35mlayout/_scripts/third-party/tinysou.swig\u001b[39m","time":"2018-04-26T11:45:43.580Z","v":0}
{"name":"hexo","hostname":"YUANCHENGSU-MC0","pid":37041,"level":20,"msg":"Processed: \u001b[35msource/lib/font-awesome/fonts/fontawesome-webfont.ttf\u001b[39m","time":"2018-04-26T11:45:43.581Z","v":0}
{"name":"hexo","hostname":"YUANCHENGSU-MC0","pid":37041,"level":20,"msg":"Processed: \u001b[35mlayout/_scripts/third-party/analytics/application-insights.swig\u001b[39m","time":"2018-04-26T11:45:43.591Z","v":0}
{"name":"hexo","hostname":"YUANCHENGSU-MC0","pid":37041,"level":20,"msg":"Processed: \u001b[35mlayout/_scripts/third-party/analytics/baidu-analytics.swig\u001b[39m","time":"2018-04-26T11:45:43.591Z","v":0}
{"name":"hexo","hostname":"YUANCHENGSU-MC0","pid":37041,"level":20,"msg":"Processed: \u001b[35mlayout/_scripts/third-party/analytics/busuanzi-counter.swig\u001b[39m","time":"2018-04-26T11:45:43.591Z","v":0}
{"name":"hexo","hostname":"YUANCHENGSU-MC0","pid":37041,"level":20,"msg":"Processed: \u001b[35mlayout/_scripts/third-party/analytics/cnzz-analytics.swig\u001b[39m","time":"2018-04-26T11:45:43.591Z","v":0}
{"name":"hexo","hostname":"YUANCHENGSU-MC0","pid":37041,"level":20,"msg":"Processed: \u001b[35mlayout/_scripts/third-party/analytics/facebook-sdk.swig\u001b[39m","time":"2018-04-26T11:45:43.591Z","v":0}
{"name":"hexo","hostname":"YUANCHENGSU-MC0","pid":37041,"level":20,"msg":"Processed: \u001b[35mlayout/_scripts/third-party/analytics/google-analytics.swig\u001b[39m","time":"2018-04-26T11:45:43.591Z","v":0}
{"name":"hexo","hostname":"YUANCHENGSU-MC0","pid":37041,"level":20,"msg":"Processed: \u001b[35mlayout/_scripts/third-party/analytics/tencent-analytics.swig\u001b[39m","time":"2018-04-26T11:45:43.591Z","v":0}
{"name":"hexo","hostname":"YUANCHENGSU-MC0","pid":37041,"level":20,"msg":"Processed: \u001b[35mlayout/_scripts/third-party/analytics/tencent-mta.swig\u001b[39m","time":"2018-04-26T11:45:43.591Z","v":0}
{"name":"hexo","hostname":"YUANCHENGSU-MC0","pid":37041,"level":20,"msg":"Processed: \u001b[35mlayout/_scripts/third-party/analytics/vkontakte-api.swig\u001b[39m","time":"2018-04-26T11:45:43.591Z","v":0}
{"name":"hexo","hostname":"YUANCHENGSU-MC0","pid":37041,"level":20,"msg":"Processed: \u001b[35mlayout/_scripts/third-party/comments/disqus.swig\u001b[39m","time":"2018-04-26T11:45:43.591Z","v":0}
{"name":"hexo","hostname":"YUANCHENGSU-MC0","pid":37041,"level":20,"msg":"Processed: \u001b[35mlayout/_scripts/third-party/comments/duoshuo.swig\u001b[39m","time":"2018-04-26T11:45:43.591Z","v":0}
{"name":"hexo","hostname":"YUANCHENGSU-MC0","pid":37041,"level":20,"msg":"Processed: \u001b[35mlayout/_scripts/third-party/comments/gentie.swig\u001b[39m","time":"2018-04-26T11:45:43.591Z","v":0}
{"name":"hexo","hostname":"YUANCHENGSU-MC0","pid":37041,"level":20,"msg":"Processed: \u001b[35mlayout/_scripts/third-party/comments/hypercomments.swig\u001b[39m","time":"2018-04-26T11:45:43.591Z","v":0}
{"name":"hexo","hostname":"YUANCHENGSU-MC0","pid":37041,"level":20,"msg":"Processed: \u001b[35mlayout/_scripts/third-party/comments/livere.swig\u001b[39m","time":"2018-04-26T11:45:43.591Z","v":0}
{"name":"hexo","hostname":"YUANCHENGSU-MC0","pid":37041,"level":20,"msg":"Processed: \u001b[35mlayout/_scripts/third-party/comments/youyan.swig\u001b[39m","time":"2018-04-26T11:45:43.591Z","v":0}
{"name":"hexo","hostname":"YUANCHENGSU-MC0","pid":37041,"level":20,"msg":"Processed: \u001b[35msource/lib/algolia-instant-search/instantsearch.min.js\u001b[39m","time":"2018-04-26T11:45:43.592Z","v":0}
{"name":"hexo","hostname":"YUANCHENGSU-MC0","pid":37041,"level":20,"msg":"Processed: \u001b[35msource/lib/font-awesome/fonts/fontawesome-webfont.svg\u001b[39m","time":"2018-04-26T11:45:43.593Z","v":0}
{"name":"hexo","hostname":"YUANCHENGSU-MC0","pid":37041,"level":60,"err":{"message":"(unknown path) [Line 11, Column 45]\n  expected variable end","name":"Template render error","stack":"Template render error: (unknown path) [Line 11, Column 45]\n  expected variable end\n    at Object.exports.prettifyError (/Users/yuanchengsu/Desktop/Blog/suyuancheng13.github.io/node_modules/nunjucks/src/lib.js:34:15)\n    at new_cls.render (/Users/yuanchengsu/Desktop/Blog/suyuancheng13.github.io/node_modules/nunjucks/src/environment.js:469:27)\n    at new_cls.renderString (/Users/yuanchengsu/Desktop/Blog/suyuancheng13.github.io/node_modules/nunjucks/src/environment.js:327:21)\n    at /Users/yuanchengsu/Desktop/Blog/suyuancheng13.github.io/node_modules/hexo/lib/extend/tag.js:66:9\n    at Promise._execute (/Users/yuanchengsu/Desktop/Blog/suyuancheng13.github.io/node_modules/bluebird/js/release/debuggability.js:300:9)\n    at Promise._resolveFromExecutor (/Users/yuanchengsu/Desktop/Blog/suyuancheng13.github.io/node_modules/bluebird/js/release/promise.js:483:18)\n    at new Promise (/Users/yuanchengsu/Desktop/Blog/suyuancheng13.github.io/node_modules/bluebird/js/release/promise.js:79:10)\n    at Tag.render (/Users/yuanchengsu/Desktop/Blog/suyuancheng13.github.io/node_modules/hexo/lib/extend/tag.js:64:10)\n    at Object.tagFilter [as onRenderEnd] (/Users/yuanchengsu/Desktop/Blog/suyuancheng13.github.io/node_modules/hexo/lib/hexo/post.js:253:16)\n    at /Users/yuanchengsu/Desktop/Blog/suyuancheng13.github.io/node_modules/hexo/lib/hexo/render.js:65:19\n    at tryCatcher (/Users/yuanchengsu/Desktop/Blog/suyuancheng13.github.io/node_modules/bluebird/js/release/util.js:16:23)\n    at Promise._settlePromiseFromHandler (/Users/yuanchengsu/Desktop/Blog/suyuancheng13.github.io/node_modules/bluebird/js/release/promise.js:512:31)\n    at Promise._settlePromise (/Users/yuanchengsu/Desktop/Blog/suyuancheng13.github.io/node_modules/bluebird/js/release/promise.js:569:18)\n    at Promise._settlePromise0 (/Users/yuanchengsu/Desktop/Blog/suyuancheng13.github.io/node_modules/bluebird/js/release/promise.js:614:10)\n    at Promise._settlePromises (/Users/yuanchengsu/Desktop/Blog/suyuancheng13.github.io/node_modules/bluebird/js/release/promise.js:693:18)\n    at Async._drainQueue (/Users/yuanchengsu/Desktop/Blog/suyuancheng13.github.io/node_modules/bluebird/js/release/async.js:133:16)\n    at Async._drainQueues (/Users/yuanchengsu/Desktop/Blog/suyuancheng13.github.io/node_modules/bluebird/js/release/async.js:143:10)\n    at Immediate.Async.drainQueues (/Users/yuanchengsu/Desktop/Blog/suyuancheng13.github.io/node_modules/bluebird/js/release/async.js:17:14)\n    at runCallback (timers.js:651:20)\n    at tryOnImmediate (timers.js:624:5)\n    at processImmediate [as _immediateCallback] (timers.js:596:5)"},"msg":"Something's wrong. Maybe you can find the solution here: \u001b[4mhttp://hexo.io/docs/troubleshooting.html\u001b[24m","time":"2018-04-26T11:45:43.807Z","v":0}
{"name":"hexo","hostname":"YUANCHENGSU-MC0","pid":37041,"level":20,"msg":"Database saved","time":"2018-04-26T11:45:43.836Z","v":0}
{"name":"hexo","hostname":"YUANCHENGSU-MC0","pid":37733,"level":20,"msg":"Hexo version: \u001b[35m3.2.2\u001b[39m","time":"2018-04-26T11:49:38.661Z","v":0}
{"name":"hexo","hostname":"YUANCHENGSU-MC0","pid":37733,"level":20,"msg":"Working directory: \u001b[35m~/Desktop/Blog/suyuancheng13.github.io/\u001b[39m","time":"2018-04-26T11:49:38.662Z","v":0}
{"name":"hexo","hostname":"YUANCHENGSU-MC0","pid":37733,"level":20,"msg":"Config loaded: \u001b[35m~/Desktop/Blog/suyuancheng13.github.io/_config.yml\u001b[39m","time":"2018-04-26T11:49:38.742Z","v":0}
{"name":"hexo","hostname":"YUANCHENGSU-MC0","pid":37733,"level":20,"msg":"Plugin loaded: \u001b[35mhexo-generator-archive\u001b[39m","time":"2018-04-26T11:49:38.757Z","v":0}
{"name":"hexo","hostname":"YUANCHENGSU-MC0","pid":37733,"level":20,"msg":"Plugin loaded: \u001b[35mhexo-deployer-git\u001b[39m","time":"2018-04-26T11:49:38.758Z","v":0}
{"name":"hexo","hostname":"YUANCHENGSU-MC0","pid":37733,"level":20,"msg":"Plugin loaded: \u001b[35mhexo-generator-category\u001b[39m","time":"2018-04-26T11:49:38.760Z","v":0}
{"name":"hexo","hostname":"YUANCHENGSU-MC0","pid":37733,"level":20,"msg":"Plugin loaded: \u001b[35mhexo-generator-index\u001b[39m","time":"2018-04-26T11:49:38.762Z","v":0}
{"name":"hexo","hostname":"YUANCHENGSU-MC0","pid":37733,"level":20,"msg":"Plugin loaded: \u001b[35mhexo-generator-tag\u001b[39m","time":"2018-04-26T11:49:38.763Z","v":0}
{"name":"hexo","hostname":"YUANCHENGSU-MC0","pid":37733,"level":20,"msg":"Plugin loaded: \u001b[35mhexo-renderer-ejs\u001b[39m","time":"2018-04-26T11:49:38.766Z","v":0}
{"name":"hexo","hostname":"YUANCHENGSU-MC0","pid":37733,"level":20,"msg":"Plugin loaded: \u001b[35mhexo-renderer-marked\u001b[39m","time":"2018-04-26T11:49:38.772Z","v":0}
{"name":"hexo","hostname":"YUANCHENGSU-MC0","pid":37733,"level":20,"msg":"Plugin loaded: \u001b[35mhexo-renderer-stylus\u001b[39m","time":"2018-04-26T11:49:38.773Z","v":0}
{"name":"hexo","hostname":"YUANCHENGSU-MC0","pid":37733,"level":20,"msg":"Plugin loaded: \u001b[35mhexo-server\u001b[39m","time":"2018-04-26T11:49:38.834Z","v":0}
{"name":"hexo","hostname":"YUANCHENGSU-MC0","pid":37733,"level":20,"msg":"Script loaded: \u001b[35mthemes/next/scripts/merge.js\u001b[39m","time":"2018-04-26T11:49:38.838Z","v":0}
{"name":"hexo","hostname":"YUANCHENGSU-MC0","pid":37733,"level":20,"msg":"Script loaded: \u001b[35mthemes/next/scripts/merge-configs.js\u001b[39m","time":"2018-04-26T11:49:38.841Z","v":0}
{"name":"hexo","hostname":"YUANCHENGSU-MC0","pid":37733,"level":20,"msg":"Script loaded: \u001b[35mthemes/next/scripts/tags/button.js\u001b[39m","time":"2018-04-26T11:49:38.841Z","v":0}
{"name":"hexo","hostname":"YUANCHENGSU-MC0","pid":37733,"level":20,"msg":"Script loaded: \u001b[35mthemes/next/scripts/tags/center-quote.js\u001b[39m","time":"2018-04-26T11:49:38.841Z","v":0}
{"name":"hexo","hostname":"YUANCHENGSU-MC0","pid":37733,"level":20,"msg":"Script loaded: \u001b[35mthemes/next/scripts/tags/exturl.js\u001b[39m","time":"2018-04-26T11:49:38.842Z","v":0}
{"name":"hexo","hostname":"YUANCHENGSU-MC0","pid":37733,"level":20,"msg":"Script loaded: \u001b[35mthemes/next/scripts/tags/full-image.js\u001b[39m","time":"2018-04-26T11:49:38.842Z","v":0}
{"name":"hexo","hostname":"YUANCHENGSU-MC0","pid":37733,"level":20,"msg":"Script loaded: \u001b[35mthemes/next/scripts/tags/group-pictures.js\u001b[39m","time":"2018-04-26T11:49:38.843Z","v":0}
{"name":"hexo","hostname":"YUANCHENGSU-MC0","pid":37733,"level":20,"msg":"Script loaded: \u001b[35mthemes/next/scripts/tags/note.js\u001b[39m","time":"2018-04-26T11:49:38.843Z","v":0}
{"name":"hexo","hostname":"YUANCHENGSU-MC0","pid":37733,"level":20,"msg":"Loading database.","time":"2018-04-26T11:49:38.845Z","v":0}
{"name":"hexo","hostname":"YUANCHENGSU-MC0","pid":37733,"level":30,"msg":"Start processing","time":"2018-04-26T11:49:38.943Z","v":0}
{"name":"hexo","hostname":"YUANCHENGSU-MC0","pid":37733,"level":20,"msg":"Processed: \u001b[35m_posts/Blocks-in-iOS.md\u001b[39m","time":"2018-04-26T11:49:39.033Z","v":0}
{"name":"hexo","hostname":"YUANCHENGSU-MC0","pid":37733,"level":20,"msg":"Processed: \u001b[35m_posts/C-C-Dev.md\u001b[39m","time":"2018-04-26T11:49:39.034Z","v":0}
{"name":"hexo","hostname":"YUANCHENGSU-MC0","pid":37733,"level":20,"msg":"Processed: \u001b[35m_posts/Lua与C-C-C-交互.md\u001b[39m","time":"2018-04-26T11:49:39.034Z","v":0}
{"name":"hexo","hostname":"YUANCHENGSU-MC0","pid":37733,"level":20,"msg":"Processed: \u001b[35m_posts/Lua学习笔记.md\u001b[39m","time":"2018-04-26T11:49:39.034Z","v":0}
{"name":"hexo","hostname":"YUANCHENGSU-MC0","pid":37733,"level":20,"msg":"Processed: \u001b[35m_posts/Python-Dev.md\u001b[39m","time":"2018-04-26T11:49:39.034Z","v":0}
{"name":"hexo","hostname":"YUANCHENGSU-MC0","pid":37733,"level":20,"msg":"Processed: \u001b[35m_posts/SWIFT编程.md\u001b[39m","time":"2018-04-26T11:49:39.034Z","v":0}
{"name":"hexo","hostname":"YUANCHENGSU-MC0","pid":37733,"level":20,"msg":"Processed: \u001b[35m_posts/git-使用手册.md\u001b[39m","time":"2018-04-26T11:49:39.034Z","v":0}
{"name":"hexo","hostname":"YUANCHENGSU-MC0","pid":37733,"level":20,"msg":"Processed: \u001b[35m_posts/hello-world.md\u001b[39m","time":"2018-04-26T11:49:39.034Z","v":0}
{"name":"hexo","hostname":"YUANCHENGSU-MC0","pid":37733,"level":20,"msg":"Processed: \u001b[35m_posts/Unity-学习笔记.md\u001b[39m","time":"2018-04-26T11:49:39.035Z","v":0}
{"name":"hexo","hostname":"YUANCHENGSU-MC0","pid":37733,"level":20,"msg":"Processed: \u001b[35m_posts/hexo使用手册.md\u001b[39m","time":"2018-04-26T11:49:39.037Z","v":0}
{"name":"hexo","hostname":"YUANCHENGSU-MC0","pid":37733,"level":20,"msg":"Processed: \u001b[35m_posts/iOS-Dev.md\u001b[39m","time":"2018-04-26T11:49:39.037Z","v":0}
{"name":"hexo","hostname":"YUANCHENGSU-MC0","pid":37733,"level":20,"msg":"Processed: \u001b[35m_posts/学习资源大全.md\u001b[39m","time":"2018-04-26T11:49:39.037Z","v":0}
{"name":"hexo","hostname":"YUANCHENGSU-MC0","pid":37733,"level":20,"msg":"Processed: \u001b[35m_posts/设计模式.md\u001b[39m","time":"2018-04-26T11:49:39.039Z","v":0}
{"name":"hexo","hostname":"YUANCHENGSU-MC0","pid":37733,"level":20,"msg":"Processed: \u001b[35mabout/index.md\u001b[39m","time":"2018-04-26T11:49:39.039Z","v":0}
{"name":"hexo","hostname":"YUANCHENGSU-MC0","pid":37733,"level":20,"msg":"Processed: \u001b[35mcategories/index.md\u001b[39m","time":"2018-04-26T11:49:39.039Z","v":0}
{"name":"hexo","hostname":"YUANCHENGSU-MC0","pid":37733,"level":20,"msg":"Processed: \u001b[35mtags/index.md\u001b[39m","time":"2018-04-26T11:49:39.039Z","v":0}
{"name":"hexo","hostname":"YUANCHENGSU-MC0","pid":37733,"level":20,"msg":"Theme config loaded.","time":"2018-04-26T11:49:39.085Z","v":0}
{"name":"hexo","hostname":"YUANCHENGSU-MC0","pid":37733,"level":20,"msg":"Processed: \u001b[35m_config.yml\u001b[39m","time":"2018-04-26T11:49:39.089Z","v":0}
{"name":"hexo","hostname":"YUANCHENGSU-MC0","pid":37733,"level":20,"msg":"Processed: \u001b[35msource/css/main.styl\u001b[39m","time":"2018-04-26T11:49:39.090Z","v":0}
{"name":"hexo","hostname":"YUANCHENGSU-MC0","pid":37733,"level":20,"msg":"Processed: \u001b[35msource/images/algolia_logo.svg\u001b[39m","time":"2018-04-26T11:49:39.090Z","v":0}
{"name":"hexo","hostname":"YUANCHENGSU-MC0","pid":37733,"level":20,"msg":"Processed: \u001b[35msource/images/avatar.gif\u001b[39m","time":"2018-04-26T11:49:39.091Z","v":0}
{"name":"hexo","hostname":"YUANCHENGSU-MC0","pid":37733,"level":20,"msg":"Processed: \u001b[35msource/images/cc-by-nc-nd.svg\u001b[39m","time":"2018-04-26T11:49:39.092Z","v":0}
{"name":"hexo","hostname":"YUANCHENGSU-MC0","pid":37733,"level":20,"msg":"Processed: \u001b[35msource/images/cc-by-nc-sa.svg\u001b[39m","time":"2018-04-26T11:49:39.092Z","v":0}
{"name":"hexo","hostname":"YUANCHENGSU-MC0","pid":37733,"level":20,"msg":"Processed: \u001b[35msource/images/cc-by-nc.svg\u001b[39m","time":"2018-04-26T11:49:39.092Z","v":0}
{"name":"hexo","hostname":"YUANCHENGSU-MC0","pid":37733,"level":20,"msg":"Processed: \u001b[35msource/images/cc-by-nd.svg\u001b[39m","time":"2018-04-26T11:49:39.092Z","v":0}
{"name":"hexo","hostname":"YUANCHENGSU-MC0","pid":37733,"level":20,"msg":"Processed: \u001b[35msource/images/cc-by-sa.svg\u001b[39m","time":"2018-04-26T11:49:39.093Z","v":0}
{"name":"hexo","hostname":"YUANCHENGSU-MC0","pid":37733,"level":20,"msg":"Processed: \u001b[35msource/images/cc-by.svg\u001b[39m","time":"2018-04-26T11:49:39.094Z","v":0}
{"name":"hexo","hostname":"YUANCHENGSU-MC0","pid":37733,"level":20,"msg":"Processed: \u001b[35msource/images/loading.gif\u001b[39m","time":"2018-04-26T11:49:39.094Z","v":0}
{"name":"hexo","hostname":"YUANCHENGSU-MC0","pid":37733,"level":20,"msg":"Processed: \u001b[35msource/images/cc-zero.svg\u001b[39m","time":"2018-04-26T11:49:39.094Z","v":0}
{"name":"hexo","hostname":"YUANCHENGSU-MC0","pid":37733,"level":20,"msg":"Processed: \u001b[35msource/images/placeholder.gif\u001b[39m","time":"2018-04-26T11:49:39.094Z","v":0}
{"name":"hexo","hostname":"YUANCHENGSU-MC0","pid":37733,"level":20,"msg":"Processed: \u001b[35msource/images/quote-l.svg\u001b[39m","time":"2018-04-26T11:49:39.095Z","v":0}
{"name":"hexo","hostname":"YUANCHENGSU-MC0","pid":37733,"level":20,"msg":"Processed: \u001b[35msource/images/quote-r.svg\u001b[39m","time":"2018-04-26T11:49:39.095Z","v":0}
{"name":"hexo","hostname":"YUANCHENGSU-MC0","pid":37733,"level":20,"msg":"Processed: \u001b[35msource/images/searchicon.png\u001b[39m","time":"2018-04-26T11:49:39.095Z","v":0}
{"name":"hexo","hostname":"YUANCHENGSU-MC0","pid":37733,"level":20,"msg":"Processed: \u001b[35msource/uploads/wechatpay.png\u001b[39m","time":"2018-04-26T11:49:39.095Z","v":0}
{"name":"hexo","hostname":"YUANCHENGSU-MC0","pid":37733,"level":20,"msg":"Processed: \u001b[35mlayout/.DS_Store\u001b[39m","time":"2018-04-26T11:49:39.276Z","v":0}
{"name":"hexo","hostname":"YUANCHENGSU-MC0","pid":37733,"level":20,"msg":"Processed: \u001b[35mlayout/_layout.swig\u001b[39m","time":"2018-04-26T11:49:39.276Z","v":0}
{"name":"hexo","hostname":"YUANCHENGSU-MC0","pid":37733,"level":20,"msg":"Processed: \u001b[35mlayout/archive.swig\u001b[39m","time":"2018-04-26T11:49:39.276Z","v":0}
{"name":"hexo","hostname":"YUANCHENGSU-MC0","pid":37733,"level":20,"msg":"Processed: \u001b[35mlayout/category.swig\u001b[39m","time":"2018-04-26T11:49:39.276Z","v":0}
{"name":"hexo","hostname":"YUANCHENGSU-MC0","pid":37733,"level":20,"msg":"Processed: \u001b[35mlayout/index.swig\u001b[39m","time":"2018-04-26T11:49:39.276Z","v":0}
{"name":"hexo","hostname":"YUANCHENGSU-MC0","pid":37733,"level":20,"msg":"Processed: \u001b[35mlayout/page.swig\u001b[39m","time":"2018-04-26T11:49:39.276Z","v":0}
{"name":"hexo","hostname":"YUANCHENGSU-MC0","pid":37733,"level":20,"msg":"Processed: \u001b[35mlayout/post.swig\u001b[39m","time":"2018-04-26T11:49:39.276Z","v":0}
{"name":"hexo","hostname":"YUANCHENGSU-MC0","pid":37733,"level":20,"msg":"Processed: \u001b[35mlayout/schedule.swig\u001b[39m","time":"2018-04-26T11:49:39.276Z","v":0}
{"name":"hexo","hostname":"YUANCHENGSU-MC0","pid":37733,"level":20,"msg":"Processed: \u001b[35mlayout/tag.swig\u001b[39m","time":"2018-04-26T11:49:39.276Z","v":0}
{"name":"hexo","hostname":"YUANCHENGSU-MC0","pid":37733,"level":20,"msg":"Processed: \u001b[35mlanguages/de.yml\u001b[39m","time":"2018-04-26T11:49:39.286Z","v":0}
{"name":"hexo","hostname":"YUANCHENGSU-MC0","pid":37733,"level":20,"msg":"Processed: \u001b[35mlanguages/default.yml\u001b[39m","time":"2018-04-26T11:49:39.286Z","v":0}
{"name":"hexo","hostname":"YUANCHENGSU-MC0","pid":37733,"level":20,"msg":"Processed: \u001b[35mlanguages/en.yml\u001b[39m","time":"2018-04-26T11:49:39.286Z","v":0}
{"name":"hexo","hostname":"YUANCHENGSU-MC0","pid":37733,"level":20,"msg":"Processed: \u001b[35mlanguages/fr-FR.yml\u001b[39m","time":"2018-04-26T11:49:39.286Z","v":0}
{"name":"hexo","hostname":"YUANCHENGSU-MC0","pid":37733,"level":20,"msg":"Processed: \u001b[35mlanguages/id.yml\u001b[39m","time":"2018-04-26T11:49:39.286Z","v":0}
{"name":"hexo","hostname":"YUANCHENGSU-MC0","pid":37733,"level":20,"msg":"Processed: \u001b[35mlanguages/ja.yml\u001b[39m","time":"2018-04-26T11:49:39.286Z","v":0}
{"name":"hexo","hostname":"YUANCHENGSU-MC0","pid":37733,"level":20,"msg":"Processed: \u001b[35mlanguages/ko.yml\u001b[39m","time":"2018-04-26T11:49:39.286Z","v":0}
{"name":"hexo","hostname":"YUANCHENGSU-MC0","pid":37733,"level":20,"msg":"Processed: \u001b[35mlanguages/pt-BR.yml\u001b[39m","time":"2018-04-26T11:49:39.286Z","v":0}
{"name":"hexo","hostname":"YUANCHENGSU-MC0","pid":37733,"level":20,"msg":"Processed: \u001b[35mlanguages/pt.yml\u001b[39m","time":"2018-04-26T11:49:39.287Z","v":0}
{"name":"hexo","hostname":"YUANCHENGSU-MC0","pid":37733,"level":20,"msg":"Processed: \u001b[35mlanguages/ru.yml\u001b[39m","time":"2018-04-26T11:49:39.287Z","v":0}
{"name":"hexo","hostname":"YUANCHENGSU-MC0","pid":37733,"level":20,"msg":"Processed: \u001b[35mlanguages/zh-Hans.yml\u001b[39m","time":"2018-04-26T11:49:39.289Z","v":0}
{"name":"hexo","hostname":"YUANCHENGSU-MC0","pid":37733,"level":20,"msg":"Processed: \u001b[35mlanguages/zh-hk.yml\u001b[39m","time":"2018-04-26T11:49:39.289Z","v":0}
{"name":"hexo","hostname":"YUANCHENGSU-MC0","pid":37733,"level":20,"msg":"Processed: \u001b[35mlanguages/zh-tw.yml\u001b[39m","time":"2018-04-26T11:49:39.289Z","v":0}
{"name":"hexo","hostname":"YUANCHENGSU-MC0","pid":37733,"level":20,"msg":"Processed: \u001b[35msource/js/src/affix.js\u001b[39m","time":"2018-04-26T11:49:39.289Z","v":0}
{"name":"hexo","hostname":"YUANCHENGSU-MC0","pid":37733,"level":20,"msg":"Processed: \u001b[35msource/js/src/algolia-search.js\u001b[39m","time":"2018-04-26T11:49:39.289Z","v":0}
{"name":"hexo","hostname":"YUANCHENGSU-MC0","pid":37733,"level":20,"msg":"Processed: \u001b[35msource/js/src/exturl.js\u001b[39m","time":"2018-04-26T11:49:39.290Z","v":0}
{"name":"hexo","hostname":"YUANCHENGSU-MC0","pid":37733,"level":20,"msg":"Processed: \u001b[35msource/js/src/bootstrap.js\u001b[39m","time":"2018-04-26T11:49:39.290Z","v":0}
{"name":"hexo","hostname":"YUANCHENGSU-MC0","pid":37733,"level":20,"msg":"Processed: \u001b[35msource/js/src/hook-duoshuo.js\u001b[39m","time":"2018-04-26T11:49:39.290Z","v":0}
{"name":"hexo","hostname":"YUANCHENGSU-MC0","pid":37733,"level":20,"msg":"Processed: \u001b[35msource/js/src/motion.js\u001b[39m","time":"2018-04-26T11:49:39.290Z","v":0}
{"name":"hexo","hostname":"YUANCHENGSU-MC0","pid":37733,"level":20,"msg":"Processed: \u001b[35msource/js/src/post-details.js\u001b[39m","time":"2018-04-26T11:49:39.290Z","v":0}
{"name":"hexo","hostname":"YUANCHENGSU-MC0","pid":37733,"level":20,"msg":"Processed: \u001b[35msource/js/src/scrollspy.js\u001b[39m","time":"2018-04-26T11:49:39.291Z","v":0}
{"name":"hexo","hostname":"YUANCHENGSU-MC0","pid":37733,"level":20,"msg":"Processed: \u001b[35msource/js/src/utils.js\u001b[39m","time":"2018-04-26T11:49:39.291Z","v":0}
{"name":"hexo","hostname":"YUANCHENGSU-MC0","pid":37733,"level":20,"msg":"Processed: \u001b[35msource/lib/algolia-instant-search/instantsearch.min.css\u001b[39m","time":"2018-04-26T11:49:39.291Z","v":0}
{"name":"hexo","hostname":"YUANCHENGSU-MC0","pid":37733,"level":20,"msg":"Processed: \u001b[35msource/lib/canvas-nest/canvas-nest.min.js\u001b[39m","time":"2018-04-26T11:49:39.292Z","v":0}
{"name":"hexo","hostname":"YUANCHENGSU-MC0","pid":37733,"level":20,"msg":"Processed: \u001b[35msource/lib/fastclick/README.md\u001b[39m","time":"2018-04-26T11:49:39.292Z","v":0}
{"name":"hexo","hostname":"YUANCHENGSU-MC0","pid":37733,"level":20,"msg":"Processed: \u001b[35msource/lib/fastclick/LICENSE\u001b[39m","time":"2018-04-26T11:49:39.293Z","v":0}
{"name":"hexo","hostname":"YUANCHENGSU-MC0","pid":37733,"level":20,"msg":"Processed: \u001b[35msource/lib/fastclick/bower.json\u001b[39m","time":"2018-04-26T11:49:39.294Z","v":0}
{"name":"hexo","hostname":"YUANCHENGSU-MC0","pid":37733,"level":20,"msg":"Processed: \u001b[35msource/lib/font-awesome/HELP-US-OUT.txt\u001b[39m","time":"2018-04-26T11:49:39.294Z","v":0}
{"name":"hexo","hostname":"YUANCHENGSU-MC0","pid":37733,"level":20,"msg":"Processed: \u001b[35msource/lib/font-awesome/bower.json\u001b[39m","time":"2018-04-26T11:49:39.294Z","v":0}
{"name":"hexo","hostname":"YUANCHENGSU-MC0","pid":37733,"level":20,"msg":"Processed: \u001b[35msource/lib/jquery_lazyload/CONTRIBUTING.md\u001b[39m","time":"2018-04-26T11:49:39.294Z","v":0}
{"name":"hexo","hostname":"YUANCHENGSU-MC0","pid":37733,"level":20,"msg":"Processed: \u001b[35msource/lib/jquery_lazyload/README.md\u001b[39m","time":"2018-04-26T11:49:39.294Z","v":0}
{"name":"hexo","hostname":"YUANCHENGSU-MC0","pid":37733,"level":20,"msg":"Processed: \u001b[35msource/lib/jquery_lazyload/bower.json\u001b[39m","time":"2018-04-26T11:49:39.295Z","v":0}
{"name":"hexo","hostname":"YUANCHENGSU-MC0","pid":37733,"level":20,"msg":"Processed: \u001b[35msource/lib/jquery_lazyload/jquery.lazyload.js\u001b[39m","time":"2018-04-26T11:49:39.295Z","v":0}
{"name":"hexo","hostname":"YUANCHENGSU-MC0","pid":37733,"level":20,"msg":"Processed: \u001b[35msource/lib/jquery_lazyload/jquery.scrollstop.js\u001b[39m","time":"2018-04-26T11:49:39.295Z","v":0}
{"name":"hexo","hostname":"YUANCHENGSU-MC0","pid":37733,"level":20,"msg":"Processed: \u001b[35msource/lib/velocity/bower.json\u001b[39m","time":"2018-04-26T11:49:39.295Z","v":0}
{"name":"hexo","hostname":"YUANCHENGSU-MC0","pid":37733,"level":20,"msg":"Processed: \u001b[35msource/lib/velocity/velocity.min.js\u001b[39m","time":"2018-04-26T11:49:39.295Z","v":0}
{"name":"hexo","hostname":"YUANCHENGSU-MC0","pid":37733,"level":20,"msg":"Processed: \u001b[35msource/lib/velocity/velocity.ui.min.js\u001b[39m","time":"2018-04-26T11:49:39.295Z","v":0}
{"name":"hexo","hostname":"YUANCHENGSU-MC0","pid":37733,"level":20,"msg":"Processed: \u001b[35msource/lib/velocity/velocity.ui.js\u001b[39m","time":"2018-04-26T11:49:39.295Z","v":0}
{"name":"hexo","hostname":"YUANCHENGSU-MC0","pid":37733,"level":20,"msg":"Processed: \u001b[35msource/lib/jquery/index.js\u001b[39m","time":"2018-04-26T11:49:39.306Z","v":0}
{"name":"hexo","hostname":"YUANCHENGSU-MC0","pid":37733,"level":20,"msg":"Processed: \u001b[35mlayout/_custom/header.swig\u001b[39m","time":"2018-04-26T11:49:39.350Z","v":0}
{"name":"hexo","hostname":"YUANCHENGSU-MC0","pid":37733,"level":20,"msg":"Processed: \u001b[35mlayout/_custom/sidebar.swig\u001b[39m","time":"2018-04-26T11:49:39.350Z","v":0}
{"name":"hexo","hostname":"YUANCHENGSU-MC0","pid":37733,"level":20,"msg":"Processed: \u001b[35mlayout/_macro/post-collapse.swig\u001b[39m","time":"2018-04-26T11:49:39.350Z","v":0}
{"name":"hexo","hostname":"YUANCHENGSU-MC0","pid":37733,"level":20,"msg":"Processed: \u001b[35mlayout/_macro/reward.swig\u001b[39m","time":"2018-04-26T11:49:39.350Z","v":0}
{"name":"hexo","hostname":"YUANCHENGSU-MC0","pid":37733,"level":20,"msg":"Processed: \u001b[35mlayout/_macro/post.swig\u001b[39m","time":"2018-04-26T11:49:39.350Z","v":0}
{"name":"hexo","hostname":"YUANCHENGSU-MC0","pid":37733,"level":20,"msg":"Processed: \u001b[35mlayout/_macro/sidebar.swig\u001b[39m","time":"2018-04-26T11:49:39.350Z","v":0}
{"name":"hexo","hostname":"YUANCHENGSU-MC0","pid":37733,"level":20,"msg":"Processed: \u001b[35mlayout/_macro/wechat-subscriber.swig\u001b[39m","time":"2018-04-26T11:49:39.350Z","v":0}
{"name":"hexo","hostname":"YUANCHENGSU-MC0","pid":37733,"level":20,"msg":"Processed: \u001b[35mlayout/_partials/comments.swig\u001b[39m","time":"2018-04-26T11:49:39.350Z","v":0}
{"name":"hexo","hostname":"YUANCHENGSU-MC0","pid":37733,"level":20,"msg":"Processed: \u001b[35mlayout/_partials/duoshuo-hot-articles.swig\u001b[39m","time":"2018-04-26T11:49:39.350Z","v":0}
{"name":"hexo","hostname":"YUANCHENGSU-MC0","pid":37733,"level":20,"msg":"Processed: \u001b[35mlayout/_partials/footer.swig\u001b[39m","time":"2018-04-26T11:49:39.350Z","v":0}
{"name":"hexo","hostname":"YUANCHENGSU-MC0","pid":37733,"level":20,"msg":"Processed: \u001b[35mlayout/_partials/head.swig\u001b[39m","time":"2018-04-26T11:49:39.350Z","v":0}
{"name":"hexo","hostname":"YUANCHENGSU-MC0","pid":37733,"level":20,"msg":"Processed: \u001b[35mlayout/_partials/header.swig\u001b[39m","time":"2018-04-26T11:49:39.350Z","v":0}
{"name":"hexo","hostname":"YUANCHENGSU-MC0","pid":37733,"level":20,"msg":"Processed: \u001b[35mlayout/_partials/page-header.swig\u001b[39m","time":"2018-04-26T11:49:39.350Z","v":0}
{"name":"hexo","hostname":"YUANCHENGSU-MC0","pid":37733,"level":20,"msg":"Processed: \u001b[35mlayout/_partials/pagination.swig\u001b[39m","time":"2018-04-26T11:49:39.350Z","v":0}
{"name":"hexo","hostname":"YUANCHENGSU-MC0","pid":37733,"level":20,"msg":"Processed: \u001b[35mlayout/_partials/search.swig\u001b[39m","time":"2018-04-26T11:49:39.350Z","v":0}
{"name":"hexo","hostname":"YUANCHENGSU-MC0","pid":37733,"level":20,"msg":"Processed: \u001b[35mlayout/_scripts/baidu-push.swig\u001b[39m","time":"2018-04-26T11:49:39.350Z","v":0}
{"name":"hexo","hostname":"YUANCHENGSU-MC0","pid":37733,"level":20,"msg":"Processed: \u001b[35mlayout/_scripts/boostrap.swig\u001b[39m","time":"2018-04-26T11:49:39.350Z","v":0}
{"name":"hexo","hostname":"YUANCHENGSU-MC0","pid":37733,"level":20,"msg":"Processed: \u001b[35mlayout/_scripts/commons.swig\u001b[39m","time":"2018-04-26T11:49:39.350Z","v":0}
{"name":"hexo","hostname":"YUANCHENGSU-MC0","pid":37733,"level":20,"msg":"Processed: \u001b[35mlayout/_scripts/vendors.swig\u001b[39m","time":"2018-04-26T11:49:39.350Z","v":0}
{"name":"hexo","hostname":"YUANCHENGSU-MC0","pid":37733,"level":20,"msg":"Processed: \u001b[35msource/js/src/schemes/pisces.js\u001b[39m","time":"2018-04-26T11:49:39.356Z","v":0}
{"name":"hexo","hostname":"YUANCHENGSU-MC0","pid":37733,"level":20,"msg":"Processed: \u001b[35msource/lib/fancybox/source/blank.gif\u001b[39m","time":"2018-04-26T11:49:39.357Z","v":0}
{"name":"hexo","hostname":"YUANCHENGSU-MC0","pid":37733,"level":20,"msg":"Processed: \u001b[35msource/lib/fancybox/source/fancybox_loading.gif\u001b[39m","time":"2018-04-26T11:49:39.357Z","v":0}
{"name":"hexo","hostname":"YUANCHENGSU-MC0","pid":37733,"level":20,"msg":"Processed: \u001b[35msource/lib/fancybox/source/fancybox_loading@2x.gif\u001b[39m","time":"2018-04-26T11:49:39.357Z","v":0}
{"name":"hexo","hostname":"YUANCHENGSU-MC0","pid":37733,"level":20,"msg":"Processed: \u001b[35msource/lib/fancybox/source/fancybox_overlay.png\u001b[39m","time":"2018-04-26T11:49:39.358Z","v":0}
{"name":"hexo","hostname":"YUANCHENGSU-MC0","pid":37733,"level":20,"msg":"Processed: \u001b[35msource/lib/fancybox/source/fancybox_sprite.png\u001b[39m","time":"2018-04-26T11:49:39.358Z","v":0}
{"name":"hexo","hostname":"YUANCHENGSU-MC0","pid":37733,"level":20,"msg":"Processed: \u001b[35msource/lib/fancybox/source/fancybox_sprite@2x.png\u001b[39m","time":"2018-04-26T11:49:39.359Z","v":0}
{"name":"hexo","hostname":"YUANCHENGSU-MC0","pid":37733,"level":20,"msg":"Processed: \u001b[35msource/lib/fancybox/source/jquery.fancybox.css\u001b[39m","time":"2018-04-26T11:49:39.359Z","v":0}
{"name":"hexo","hostname":"YUANCHENGSU-MC0","pid":37733,"level":20,"msg":"Processed: \u001b[35msource/lib/fancybox/source/jquery.fancybox.js\u001b[39m","time":"2018-04-26T11:49:39.359Z","v":0}
{"name":"hexo","hostname":"YUANCHENGSU-MC0","pid":37733,"level":20,"msg":"Processed: \u001b[35msource/lib/fancybox/source/jquery.fancybox.pack.js\u001b[39m","time":"2018-04-26T11:49:39.359Z","v":0}
{"name":"hexo","hostname":"YUANCHENGSU-MC0","pid":37733,"level":20,"msg":"Processed: \u001b[35msource/lib/fastclick/lib/fastclick.min.js\u001b[39m","time":"2018-04-26T11:49:39.359Z","v":0}
{"name":"hexo","hostname":"YUANCHENGSU-MC0","pid":37733,"level":20,"msg":"Processed: \u001b[35msource/lib/fastclick/lib/fastclick.js\u001b[39m","time":"2018-04-26T11:49:39.360Z","v":0}
{"name":"hexo","hostname":"YUANCHENGSU-MC0","pid":37733,"level":20,"msg":"Processed: \u001b[35msource/lib/font-awesome/css/font-awesome.css\u001b[39m","time":"2018-04-26T11:49:39.360Z","v":0}
{"name":"hexo","hostname":"YUANCHENGSU-MC0","pid":37733,"level":20,"msg":"Processed: \u001b[35msource/lib/font-awesome/css/font-awesome.css.map\u001b[39m","time":"2018-04-26T11:49:39.360Z","v":0}
{"name":"hexo","hostname":"YUANCHENGSU-MC0","pid":37733,"level":20,"msg":"Processed: \u001b[35msource/lib/font-awesome/css/font-awesome.min.css\u001b[39m","time":"2018-04-26T11:49:39.360Z","v":0}
{"name":"hexo","hostname":"YUANCHENGSU-MC0","pid":37733,"level":20,"msg":"Processed: \u001b[35msource/lib/ua-parser-js/dist/ua-parser.min.js\u001b[39m","time":"2018-04-26T11:49:39.366Z","v":0}
{"name":"hexo","hostname":"YUANCHENGSU-MC0","pid":37733,"level":20,"msg":"Processed: \u001b[35msource/lib/ua-parser-js/dist/ua-parser.pack.js\u001b[39m","time":"2018-04-26T11:49:39.367Z","v":0}
{"name":"hexo","hostname":"YUANCHENGSU-MC0","pid":37733,"level":20,"msg":"Processed: \u001b[35mlayout/_scripts/schemes/mist.swig\u001b[39m","time":"2018-04-26T11:49:39.372Z","v":0}
{"name":"hexo","hostname":"YUANCHENGSU-MC0","pid":37733,"level":20,"msg":"Processed: \u001b[35mlayout/_scripts/schemes/muse.swig\u001b[39m","time":"2018-04-26T11:49:39.372Z","v":0}
{"name":"hexo","hostname":"YUANCHENGSU-MC0","pid":37733,"level":20,"msg":"Processed: \u001b[35msource/lib/font-awesome/fonts/fontawesome-webfont.eot\u001b[39m","time":"2018-04-26T11:49:39.373Z","v":0}
{"name":"hexo","hostname":"YUANCHENGSU-MC0","pid":37733,"level":20,"msg":"Processed: \u001b[35msource/lib/font-awesome/fonts/FontAwesome.otf\u001b[39m","time":"2018-04-26T11:49:39.373Z","v":0}
{"name":"hexo","hostname":"YUANCHENGSU-MC0","pid":37733,"level":20,"msg":"Processed: \u001b[35msource/lib/velocity/velocity.js\u001b[39m","time":"2018-04-26T11:49:39.373Z","v":0}
{"name":"hexo","hostname":"YUANCHENGSU-MC0","pid":37733,"level":20,"msg":"Processed: \u001b[35msource/lib/font-awesome/fonts/fontawesome-webfont.woff2\u001b[39m","time":"2018-04-26T11:49:39.374Z","v":0}
{"name":"hexo","hostname":"YUANCHENGSU-MC0","pid":37733,"level":20,"msg":"Processed: \u001b[35msource/lib/font-awesome/fonts/fontawesome-webfont.woff\u001b[39m","time":"2018-04-26T11:49:39.374Z","v":0}
{"name":"hexo","hostname":"YUANCHENGSU-MC0","pid":37733,"level":20,"msg":"Processed: \u001b[35mlayout/_components/algolia-search/assets.swig\u001b[39m","time":"2018-04-26T11:49:39.398Z","v":0}
{"name":"hexo","hostname":"YUANCHENGSU-MC0","pid":37733,"level":20,"msg":"Processed: \u001b[35mlayout/_components/algolia-search/dom.swig\u001b[39m","time":"2018-04-26T11:49:39.398Z","v":0}
{"name":"hexo","hostname":"YUANCHENGSU-MC0","pid":37733,"level":20,"msg":"Processed: \u001b[35mlayout/_partials/head/custom-head.swig\u001b[39m","time":"2018-04-26T11:49:39.398Z","v":0}
{"name":"hexo","hostname":"YUANCHENGSU-MC0","pid":37733,"level":20,"msg":"Processed: \u001b[35mlayout/_partials/search/localsearch.swig\u001b[39m","time":"2018-04-26T11:49:39.398Z","v":0}
{"name":"hexo","hostname":"YUANCHENGSU-MC0","pid":37733,"level":20,"msg":"Processed: \u001b[35mlayout/_partials/head/external-fonts.swig\u001b[39m","time":"2018-04-26T11:49:39.398Z","v":0}
{"name":"hexo","hostname":"YUANCHENGSU-MC0","pid":37733,"level":20,"msg":"Processed: \u001b[35mlayout/_partials/search/swiftype.swig\u001b[39m","time":"2018-04-26T11:49:39.399Z","v":0}
{"name":"hexo","hostname":"YUANCHENGSU-MC0","pid":37733,"level":20,"msg":"Processed: \u001b[35mlayout/_partials/search/tinysou.swig\u001b[39m","time":"2018-04-26T11:49:39.399Z","v":0}
{"name":"hexo","hostname":"YUANCHENGSU-MC0","pid":37733,"level":20,"msg":"Processed: \u001b[35mlayout/_partials/share/add-this.swig\u001b[39m","time":"2018-04-26T11:49:39.399Z","v":0}
{"name":"hexo","hostname":"YUANCHENGSU-MC0","pid":37733,"level":20,"msg":"Processed: \u001b[35mlayout/_partials/share/baidushare.swig\u001b[39m","time":"2018-04-26T11:49:39.399Z","v":0}
{"name":"hexo","hostname":"YUANCHENGSU-MC0","pid":37733,"level":20,"msg":"Processed: \u001b[35mlayout/_partials/share/duoshuo_share.swig\u001b[39m","time":"2018-04-26T11:49:39.399Z","v":0}
{"name":"hexo","hostname":"YUANCHENGSU-MC0","pid":37733,"level":20,"msg":"Processed: \u001b[35mlayout/_partials/share/jiathis.swig\u001b[39m","time":"2018-04-26T11:49:39.399Z","v":0}
{"name":"hexo","hostname":"YUANCHENGSU-MC0","pid":37733,"level":20,"msg":"Processed: \u001b[35mlayout/_scripts/pages/post-details.swig\u001b[39m","time":"2018-04-26T11:49:39.399Z","v":0}
{"name":"hexo","hostname":"YUANCHENGSU-MC0","pid":37733,"level":20,"msg":"Processed: \u001b[35mlayout/_scripts/schemes/pisces.swig\u001b[39m","time":"2018-04-26T11:49:39.399Z","v":0}
{"name":"hexo","hostname":"YUANCHENGSU-MC0","pid":37733,"level":20,"msg":"Processed: \u001b[35mlayout/_scripts/third-party/analytics.swig\u001b[39m","time":"2018-04-26T11:49:39.399Z","v":0}
{"name":"hexo","hostname":"YUANCHENGSU-MC0","pid":37733,"level":20,"msg":"Processed: \u001b[35mlayout/_scripts/third-party/comments.swig\u001b[39m","time":"2018-04-26T11:49:39.399Z","v":0}
{"name":"hexo","hostname":"YUANCHENGSU-MC0","pid":37733,"level":20,"msg":"Processed: \u001b[35mlayout/_scripts/third-party/lean-analytics.swig\u001b[39m","time":"2018-04-26T11:49:39.399Z","v":0}
{"name":"hexo","hostname":"YUANCHENGSU-MC0","pid":37733,"level":20,"msg":"Processed: \u001b[35mlayout/_scripts/third-party/localsearch.swig\u001b[39m","time":"2018-04-26T11:49:39.399Z","v":0}
{"name":"hexo","hostname":"YUANCHENGSU-MC0","pid":37733,"level":20,"msg":"Processed: \u001b[35mlayout/_scripts/third-party/mathjax.swig\u001b[39m","time":"2018-04-26T11:49:39.399Z","v":0}
{"name":"hexo","hostname":"YUANCHENGSU-MC0","pid":37733,"level":20,"msg":"Processed: \u001b[35mlayout/_scripts/third-party/schedule.swig\u001b[39m","time":"2018-04-26T11:49:39.399Z","v":0}
{"name":"hexo","hostname":"YUANCHENGSU-MC0","pid":37733,"level":20,"msg":"Processed: \u001b[35mlayout/_scripts/third-party/tinysou.swig\u001b[39m","time":"2018-04-26T11:49:39.399Z","v":0}
{"name":"hexo","hostname":"YUANCHENGSU-MC0","pid":37733,"level":20,"msg":"Processed: \u001b[35msource/lib/fancybox/source/helpers/fancybox_buttons.png\u001b[39m","time":"2018-04-26T11:49:39.403Z","v":0}
{"name":"hexo","hostname":"YUANCHENGSU-MC0","pid":37733,"level":20,"msg":"Processed: \u001b[35msource/lib/fancybox/source/helpers/jquery.fancybox-buttons.css\u001b[39m","time":"2018-04-26T11:49:39.404Z","v":0}
{"name":"hexo","hostname":"YUANCHENGSU-MC0","pid":37733,"level":20,"msg":"Processed: \u001b[35msource/lib/fancybox/source/helpers/jquery.fancybox-buttons.js\u001b[39m","time":"2018-04-26T11:49:39.404Z","v":0}
{"name":"hexo","hostname":"YUANCHENGSU-MC0","pid":37733,"level":20,"msg":"Processed: \u001b[35msource/lib/fancybox/source/helpers/jquery.fancybox-media.js\u001b[39m","time":"2018-04-26T11:49:39.404Z","v":0}
{"name":"hexo","hostname":"YUANCHENGSU-MC0","pid":37733,"level":20,"msg":"Processed: \u001b[35msource/lib/fancybox/source/helpers/jquery.fancybox-thumbs.css\u001b[39m","time":"2018-04-26T11:49:39.404Z","v":0}
{"name":"hexo","hostname":"YUANCHENGSU-MC0","pid":37733,"level":20,"msg":"Processed: \u001b[35msource/lib/fancybox/source/helpers/jquery.fancybox-thumbs.js\u001b[39m","time":"2018-04-26T11:49:39.404Z","v":0}
{"name":"hexo","hostname":"YUANCHENGSU-MC0","pid":37733,"level":20,"msg":"Processed: \u001b[35msource/lib/font-awesome/fonts/fontawesome-webfont.ttf\u001b[39m","time":"2018-04-26T11:49:39.404Z","v":0}
{"name":"hexo","hostname":"YUANCHENGSU-MC0","pid":37733,"level":20,"msg":"Processed: \u001b[35mlayout/_scripts/third-party/analytics/application-insights.swig\u001b[39m","time":"2018-04-26T11:49:39.416Z","v":0}
{"name":"hexo","hostname":"YUANCHENGSU-MC0","pid":37733,"level":20,"msg":"Processed: \u001b[35mlayout/_scripts/third-party/analytics/baidu-analytics.swig\u001b[39m","time":"2018-04-26T11:49:39.416Z","v":0}
{"name":"hexo","hostname":"YUANCHENGSU-MC0","pid":37733,"level":20,"msg":"Processed: \u001b[35mlayout/_scripts/third-party/analytics/cnzz-analytics.swig\u001b[39m","time":"2018-04-26T11:49:39.416Z","v":0}
{"name":"hexo","hostname":"YUANCHENGSU-MC0","pid":37733,"level":20,"msg":"Processed: \u001b[35mlayout/_scripts/third-party/analytics/busuanzi-counter.swig\u001b[39m","time":"2018-04-26T11:49:39.416Z","v":0}
{"name":"hexo","hostname":"YUANCHENGSU-MC0","pid":37733,"level":20,"msg":"Processed: \u001b[35mlayout/_scripts/third-party/analytics/facebook-sdk.swig\u001b[39m","time":"2018-04-26T11:49:39.416Z","v":0}
{"name":"hexo","hostname":"YUANCHENGSU-MC0","pid":37733,"level":20,"msg":"Processed: \u001b[35mlayout/_scripts/third-party/analytics/google-analytics.swig\u001b[39m","time":"2018-04-26T11:49:39.416Z","v":0}
{"name":"hexo","hostname":"YUANCHENGSU-MC0","pid":37733,"level":20,"msg":"Processed: \u001b[35mlayout/_scripts/third-party/analytics/tencent-analytics.swig\u001b[39m","time":"2018-04-26T11:49:39.416Z","v":0}
{"name":"hexo","hostname":"YUANCHENGSU-MC0","pid":37733,"level":20,"msg":"Processed: \u001b[35mlayout/_scripts/third-party/analytics/tencent-mta.swig\u001b[39m","time":"2018-04-26T11:49:39.416Z","v":0}
{"name":"hexo","hostname":"YUANCHENGSU-MC0","pid":37733,"level":20,"msg":"Processed: \u001b[35mlayout/_scripts/third-party/analytics/vkontakte-api.swig\u001b[39m","time":"2018-04-26T11:49:39.416Z","v":0}
{"name":"hexo","hostname":"YUANCHENGSU-MC0","pid":37733,"level":20,"msg":"Processed: \u001b[35mlayout/_scripts/third-party/comments/disqus.swig\u001b[39m","time":"2018-04-26T11:49:39.416Z","v":0}
{"name":"hexo","hostname":"YUANCHENGSU-MC0","pid":37733,"level":20,"msg":"Processed: \u001b[35mlayout/_scripts/third-party/comments/duoshuo.swig\u001b[39m","time":"2018-04-26T11:49:39.416Z","v":0}
{"name":"hexo","hostname":"YUANCHENGSU-MC0","pid":37733,"level":20,"msg":"Processed: \u001b[35mlayout/_scripts/third-party/comments/gentie.swig\u001b[39m","time":"2018-04-26T11:49:39.416Z","v":0}
{"name":"hexo","hostname":"YUANCHENGSU-MC0","pid":37733,"level":20,"msg":"Processed: \u001b[35mlayout/_scripts/third-party/comments/hypercomments.swig\u001b[39m","time":"2018-04-26T11:49:39.416Z","v":0}
{"name":"hexo","hostname":"YUANCHENGSU-MC0","pid":37733,"level":20,"msg":"Processed: \u001b[35mlayout/_scripts/third-party/comments/livere.swig\u001b[39m","time":"2018-04-26T11:49:39.416Z","v":0}
{"name":"hexo","hostname":"YUANCHENGSU-MC0","pid":37733,"level":20,"msg":"Processed: \u001b[35msource/lib/algolia-instant-search/instantsearch.min.js\u001b[39m","time":"2018-04-26T11:49:39.416Z","v":0}
{"name":"hexo","hostname":"YUANCHENGSU-MC0","pid":37733,"level":20,"msg":"Processed: \u001b[35mlayout/_scripts/third-party/comments/youyan.swig\u001b[39m","time":"2018-04-26T11:49:39.418Z","v":0}
{"name":"hexo","hostname":"YUANCHENGSU-MC0","pid":37733,"level":20,"msg":"Processed: \u001b[35msource/lib/font-awesome/fonts/fontawesome-webfont.svg\u001b[39m","time":"2018-04-26T11:49:39.418Z","v":0}
{"name":"hexo","hostname":"YUANCHENGSU-MC0","pid":37733,"level":60,"err":{"message":"(unknown path) [Line 11, Column 45]\n  expected variable end","name":"Template render error","stack":"Template render error: (unknown path) [Line 11, Column 45]\n  expected variable end\n    at Object.exports.prettifyError (/Users/yuanchengsu/Desktop/Blog/suyuancheng13.github.io/node_modules/nunjucks/src/lib.js:34:15)\n    at new_cls.render (/Users/yuanchengsu/Desktop/Blog/suyuancheng13.github.io/node_modules/nunjucks/src/environment.js:469:27)\n    at new_cls.renderString (/Users/yuanchengsu/Desktop/Blog/suyuancheng13.github.io/node_modules/nunjucks/src/environment.js:327:21)\n    at /Users/yuanchengsu/Desktop/Blog/suyuancheng13.github.io/node_modules/hexo/lib/extend/tag.js:66:9\n    at Promise._execute (/Users/yuanchengsu/Desktop/Blog/suyuancheng13.github.io/node_modules/bluebird/js/release/debuggability.js:300:9)\n    at Promise._resolveFromExecutor (/Users/yuanchengsu/Desktop/Blog/suyuancheng13.github.io/node_modules/bluebird/js/release/promise.js:483:18)\n    at new Promise (/Users/yuanchengsu/Desktop/Blog/suyuancheng13.github.io/node_modules/bluebird/js/release/promise.js:79:10)\n    at Tag.render (/Users/yuanchengsu/Desktop/Blog/suyuancheng13.github.io/node_modules/hexo/lib/extend/tag.js:64:10)\n    at Object.tagFilter [as onRenderEnd] (/Users/yuanchengsu/Desktop/Blog/suyuancheng13.github.io/node_modules/hexo/lib/hexo/post.js:253:16)\n    at /Users/yuanchengsu/Desktop/Blog/suyuancheng13.github.io/node_modules/hexo/lib/hexo/render.js:65:19\n    at tryCatcher (/Users/yuanchengsu/Desktop/Blog/suyuancheng13.github.io/node_modules/bluebird/js/release/util.js:16:23)\n    at Promise._settlePromiseFromHandler (/Users/yuanchengsu/Desktop/Blog/suyuancheng13.github.io/node_modules/bluebird/js/release/promise.js:512:31)\n    at Promise._settlePromise (/Users/yuanchengsu/Desktop/Blog/suyuancheng13.github.io/node_modules/bluebird/js/release/promise.js:569:18)\n    at Promise._settlePromise0 (/Users/yuanchengsu/Desktop/Blog/suyuancheng13.github.io/node_modules/bluebird/js/release/promise.js:614:10)\n    at Promise._settlePromises (/Users/yuanchengsu/Desktop/Blog/suyuancheng13.github.io/node_modules/bluebird/js/release/promise.js:693:18)\n    at Async._drainQueue (/Users/yuanchengsu/Desktop/Blog/suyuancheng13.github.io/node_modules/bluebird/js/release/async.js:133:16)\n    at Async._drainQueues (/Users/yuanchengsu/Desktop/Blog/suyuancheng13.github.io/node_modules/bluebird/js/release/async.js:143:10)\n    at Immediate.Async.drainQueues (/Users/yuanchengsu/Desktop/Blog/suyuancheng13.github.io/node_modules/bluebird/js/release/async.js:17:14)\n    at runCallback (timers.js:651:20)\n    at tryOnImmediate (timers.js:624:5)\n    at processImmediate [as _immediateCallback] (timers.js:596:5)"},"msg":"Something's wrong. Maybe you can find the solution here: \u001b[4mhttp://hexo.io/docs/troubleshooting.html\u001b[24m","time":"2018-04-26T11:49:39.591Z","v":0}
{"name":"hexo","hostname":"YUANCHENGSU-MC0","pid":37733,"level":20,"msg":"Database saved","time":"2018-04-26T11:49:39.613Z","v":0}
